[20230613 13:34:09] [589549812] [MAIN] [main start, version:V1.0.29T1, port=63442]

[20230613 13:34:09] [589549812] [GMD] cGeneralModel create
[20230613 13:34:09] [589549828] [MS] cMultiDownloadServer init
[20230613 13:34:09] [589549859] [MS] socketInitThreadFunc
[20230613 13:34:09] [589549859] [MS] socketSendThreadFunc
[20230613 13:34:09] [589549859] [MS] [work-4294967295] socketSendThreadFunc
[20230613 13:34:09] [589549859] [MS] [work-4294967295] socketRecvThreadFunc
[20230613 13:34:09] [589549859] [MS] socketParsePackageThreadFunc
[20230613 13:34:09] [589549859] [MS] keepAliveThreadFunc
[20230613 13:34:09] [589549937] [MS] msgPackageSendThreadFunc
[20230613 13:34:10] [589550171] [MS] [work-4294967295] socketRecvThreadFunc: recv package ok, data lens=69Bytes, time cost=0ms
[20230613 13:34:10] [589550171] [MS] ipcDataParse: cmd:moduleInit, mask:1
[20230613 13:34:10] [589550171] [MS] moduleInit:model:4, work:6
[20230613 13:34:10] [589550171] [GMD] init:model:4, work:6
[20230613 13:34:10] [589550171] [MS] [work-5] socketRecvThreadFunc: recv package ok, data lens=37Bytes, time cost=0ms
[20230613 13:34:10] [589550171] [BPT] cBaseProtocol create
[20230613 13:34:10] [589550171] [CH341A] cCh341aPort create
[20230613 13:34:10] [589550171] [CH341A-CORE] ch341aCoreInit
[20230613 13:34:10] [589550171] [MH2T] cMh1902tDownload init
[20230613 13:34:10] [589550203] [BPT] cBaseProtocol create
[20230613 13:34:10] [589550203] [CH341A] cCh341aPort create
[20230613 13:34:10] [589550203] [CH341A-CORE] ch341aCoreInit
[20230613 13:34:10] [589550203] [SM] cSunmiDownload create
[20230613 13:34:10] [589550203] [BPT] init: success!
[20230613 13:34:10] [589550203] [BPT] init: success!
[20230613 13:34:10] [589550203] [MS] sendIpcAnswer: cmd[moduleInit], mask:1, ret:0
[20230613 13:34:10] [589550203] [MS] ipcDataParse: cmd:keepAlive, mask:2
[20230613 13:34:10] [589550203] [MS] sendIpcAnswer: cmd[keepAlive], mask:2, ret:0
[20230613 13:34:10] [589550218] [MS] [work-5] socketRecvThreadFunc: recv package ok, data lens=228Bytes, time cost=15ms
[20230613 13:34:10] [589550218] [MS] ipcDataParse: cmd:setParam, mask:3
[20230613 13:34:10] [589550218] [BPT] setDownloadFilePath: dt:1, path:E:\CaseCode\Codes\SynologyDrive\MCU_FW_DL_ODM_Code\MCU_FW_DL_ODM\MCU_FW_DL_ODM\MCU_FW_DL_ODM_V1.0.0\Fir\CT621_LiteOS_V2.1.21_20230316\MH1902T_PUK.rsa
[20230613 13:34:10] [589550218] [MH2T] setKeyDownloadParam:密钥文件载入成功
[20230613 13:34:10] [589550218] [MS] sendIpcAnswer: cmd[setParam], mask:3, ret:0
[20230613 13:34:10] [589550218] [MS] [work-5] socketRecvThreadFunc: recv package ok, data lens=246Bytes, time cost=0ms
[20230613 13:34:10] [589550218] [MS] ipcDataParse: cmd:setParam, mask:4
[20230613 13:34:10] [589550218] [BPT] setDownloadFilePath: dt:2, path:E:\CaseCode\Codes\SynologyDrive\MCU_FW_DL_ODM_Code\MCU_FW_DL_ODM\MCU_FW_DL_ODM\MCU_FW_DL_ODM_V1.0.0\Fir\CT621_LiteOS_V2.1.21_20230316\MH1902T_BOOT_V2.0.10_20220906.sig
[20230613 13:34:10] [589550218] [MS] sendIpcAnswer: cmd[setParam], mask:4, ret:0
[20230613 13:34:10] [589550234] [MS] [work-5] socketRecvThreadFunc: recv package ok, data lens=236Bytes, time cost=16ms
[20230613 13:34:10] [589550234] [MS] ipcDataParse: cmd:setParam, mask:5
[20230613 13:34:10] [589550234] [BPT] setDownloadFilePath: dt:3, path:E:\CaseCode\Codes\SynologyDrive\MCU_FW_DL_ODM_Code\MCU_FW_DL_ODM\MCU_FW_DL_ODM\MCU_FW_DL_ODM_V1.0.0\Fir\CT621_LiteOS_V2.1.21_20230316\CT621_CFG_V2.02.dat.sig
[20230613 13:34:10] [589550234] [MS] sendIpcAnswer: cmd[setParam], mask:5, ret:0
[20230613 13:34:10] [589550234] [MS] [work-5] socketRecvThreadFunc: recv package ok, data lens=228Bytes, time cost=0ms
[20230613 13:34:10] [589550234] [MS] ipcDataParse: cmd:setParam, mask:6
[20230613 13:34:10] [589550234] [BPT] setDownloadFilePath: dt:4, path:E:\CaseCode\Codes\SynologyDrive\MCU_FW_DL_ODM_Code\MCU_FW_DL_ODM\MCU_FW_DL_ODM\MCU_FW_DL_ODM_V1.0.0\Fir\CT621_LiteOS_V2.1.21_20230316\MH1902T_PUK.rsa
[20230613 13:34:10] [589550234] [MS] sendIpcAnswer: cmd[setParam], mask:6, ret:0
[20230613 13:34:43] [589583953] [MAIN] [main start, version:V1.0.29T1, port=63546]

[20230613 13:34:43] [589583953] [GMD] cGeneralModel create
[20230613 13:34:43] [589583968] [MS] cMultiDownloadServer init
[20230613 13:34:43] [589584000] [MS] socketInitThreadFunc
[20230613 13:34:43] [589584000] [MS] socketSendThreadFunc
[20230613 13:34:43] [589584000] [MS] [work-4294967295] socketSendThreadFunc
[20230613 13:34:43] [589584000] [MS] [work-4294967295] socketRecvThreadFunc
[20230613 13:34:43] [589584000] [MS] socketParsePackageThreadFunc
[20230613 13:34:43] [589584015] [MS] keepAliveThreadFunc
[20230613 13:34:43] [589584015] [MS] msgPackageSendThreadFunc
[20230613 13:34:44] [589584343] [MS] [work-4294967295] socketRecvThreadFunc: recv package ok, data lens=37Bytes, time cost=0ms
[20230613 13:34:44] [589584343] [MS] ipcDataParse: cmd:keepAlive, mask:1
[20230613 13:34:44] [589584343] [MS] sendIpcAnswer: cmd[keepAlive], mask:1, ret:0
[20230613 13:34:46] [589587015] [MS] [work-4294967295] socketRecvThreadFunc: recv package ok, data lens=69Bytes, time cost=2672ms
[20230613 13:34:46] [589587015] [MS] ipcDataParse: cmd:moduleInit, mask:2
[20230613 13:34:46] [589587015] [MS] moduleInit:model:4, work:6
[20230613 13:34:46] [589587015] [GMD] init:model:4, work:6
[20230613 13:34:46] [589587015] [BPT] cBaseProtocol create
[20230613 13:34:46] [589587015] [CH341A] cCh341aPort create
[20230613 13:34:46] [589587015] [CH341A-CORE] ch341aCoreInit
[20230613 13:34:46] [589587015] [MH2T] cMh1902tDownload init
[20230613 13:34:46] [589587046] [BPT] cBaseProtocol create
[20230613 13:34:46] [589587046] [CH341A] cCh341aPort create
[20230613 13:34:46] [589587062] [CH341A-CORE] ch341aCoreInit
[20230613 13:34:46] [589587062] [SM] cSunmiDownload create
[20230613 13:34:46] [589587062] [BPT] init: success!
[20230613 13:34:46] [589587062] [BPT] init: success!
[20230613 13:34:46] [589587062] [MS] sendIpcAnswer: cmd[moduleInit], mask:2, ret:0
[20230613 13:34:47] [589587281] [MS] [work-5] socketRecvThreadFunc: recv package ok, data lens=228Bytes, time cost=266ms
[20230613 13:34:47] [589587281] [MS] ipcDataParse: cmd:setParam, mask:3
[20230613 13:34:47] [589587281] [BPT] setDownloadFilePath: dt:1, path:E:\CaseCode\Codes\SynologyDrive\MCU_FW_DL_ODM_Code\MCU_FW_DL_ODM\MCU_FW_DL_ODM\MCU_FW_DL_ODM_V1.0.0\Fir\CT621_LiteOS_V2.1.21_20230316\MH1902T_PUK.rsa
[20230613 13:34:47] [589587281] [MH2T] setKeyDownloadParam:密钥文件载入成功
[20230613 13:34:47] [589587281] [MS] sendIpcAnswer: cmd[setParam], mask:3, ret:0
[20230613 13:34:47] [589587531] [MS] [work-5] socketRecvThreadFunc: recv package ok, data lens=246Bytes, time cost=250ms
[20230613 13:34:47] [589587531] [MS] ipcDataParse: cmd:setParam, mask:4
[20230613 13:34:47] [589587531] [BPT] setDownloadFilePath: dt:2, path:E:\CaseCode\Codes\SynologyDrive\MCU_FW_DL_ODM_Code\MCU_FW_DL_ODM\MCU_FW_DL_ODM\MCU_FW_DL_ODM_V1.0.0\Fir\CT621_LiteOS_V2.1.21_20230316\MH1902T_BOOT_V2.0.10_20220906.sig
[20230613 13:34:47] [589587531] [MS] sendIpcAnswer: cmd[setParam], mask:4, ret:0
[20230613 13:34:47] [589587859] [MS] [work-5] socketRecvThreadFunc: recv package ok, data lens=236Bytes, time cost=328ms
[20230613 13:34:47] [589587859] [MS] ipcDataParse: cmd:setParam, mask:5
[20230613 13:34:47] [589587859] [BPT] setDownloadFilePath: dt:3, path:E:\CaseCode\Codes\SynologyDrive\MCU_FW_DL_ODM_Code\MCU_FW_DL_ODM\MCU_FW_DL_ODM\MCU_FW_DL_ODM_V1.0.0\Fir\CT621_LiteOS_V2.1.21_20230316\CT621_CFG_V2.02.dat.sig
[20230613 13:34:47] [589587859] [MS] sendIpcAnswer: cmd[setParam], mask:5, ret:0
[20230613 13:34:48] [589588218] [MS] [work-5] socketRecvThreadFunc: recv package ok, data lens=228Bytes, time cost=359ms
[20230613 13:34:48] [589588218] [MS] ipcDataParse: cmd:setParam, mask:6
[20230613 13:34:48] [589588218] [BPT] setDownloadFilePath: dt:4, path:E:\CaseCode\Codes\SynologyDrive\MCU_FW_DL_ODM_Code\MCU_FW_DL_ODM\MCU_FW_DL_ODM\MCU_FW_DL_ODM_V1.0.0\Fir\CT621_LiteOS_V2.1.21_20230316\MH1902T_PUK.rsa
[20230613 13:34:48] [589588218] [MS] sendIpcAnswer: cmd[setParam], mask:6, ret:0
[20230613 13:34:50] [589590250] [MS] [work-5] socketRecvThreadFunc: recv package ok, data lens=228Bytes, time cost=2032ms
[20230613 13:34:50] [589590250] [MS] ipcDataParse: cmd:setParam, mask:7
[20230613 13:34:50] [589590250] [BPT] setDownloadFilePath: dt:1, path:E:\CaseCode\Codes\SynologyDrive\MCU_FW_DL_ODM_Code\MCU_FW_DL_ODM\MCU_FW_DL_ODM\MCU_FW_DL_ODM_V1.0.0\Fir\CT621_LiteOS_V2.1.21_20230316\MH1902T_PUK.rsa
[20230613 13:34:50] [589590250] [MH2T] setKeyDownloadParam:密钥文件载入成功
[20230613 13:34:50] [589590250] [MS] sendIpcAnswer: cmd[setParam], mask:7, ret:0
[20230613 13:34:50] [589590390] [MS] [work-5] socketRecvThreadFunc: recv package ok, data lens=246Bytes, time cost=140ms
[20230613 13:34:50] [589590390] [MS] ipcDataParse: cmd:setParam, mask:8
[20230613 13:34:50] [589590390] [BPT] setDownloadFilePath: dt:2, path:E:\CaseCode\Codes\SynologyDrive\MCU_FW_DL_ODM_Code\MCU_FW_DL_ODM\MCU_FW_DL_ODM\MCU_FW_DL_ODM_V1.0.0\Fir\CT621_LiteOS_V2.1.21_20230316\MH1902T_BOOT_V2.0.10_20220906.sig
[20230613 13:34:50] [589590390] [MS] sendIpcAnswer: cmd[setParam], mask:8, ret:0
[20230613 13:34:50] [589590515] [MS] [work-5] socketRecvThreadFunc: recv package ok, data lens=236Bytes, time cost=125ms
[20230613 13:34:50] [589590515] [MS] ipcDataParse: cmd:setParam, mask:9
[20230613 13:34:50] [589590515] [BPT] setDownloadFilePath: dt:3, path:E:\CaseCode\Codes\SynologyDrive\MCU_FW_DL_ODM_Code\MCU_FW_DL_ODM\MCU_FW_DL_ODM\MCU_FW_DL_ODM_V1.0.0\Fir\CT621_LiteOS_V2.1.21_20230316\CT621_CFG_V2.02.dat.sig
[20230613 13:34:50] [589590515] [MS] sendIpcAnswer: cmd[setParam], mask:9, ret:0
[20230613 13:34:50] [589590671] [MS] [work-5] socketRecvThreadFunc: recv package ok, data lens=229Bytes, time cost=156ms
[20230613 13:34:50] [589590671] [MS] ipcDataParse: cmd:setParam, mask:10
[20230613 13:34:50] [589590671] [BPT] setDownloadFilePath: dt:4, path:E:\CaseCode\Codes\SynologyDrive\MCU_FW_DL_ODM_Code\MCU_FW_DL_ODM\MCU_FW_DL_ODM\MCU_FW_DL_ODM_V1.0.0\Fir\CT621_LiteOS_V2.1.21_20230316\MH1902T_PUK.rsa
[20230613 13:34:50] [589590671] [MS] sendIpcAnswer: cmd[setParam], mask:10, ret:0
[20230613 13:35:34] [589634343] [MS] [work-5] socketRecvThreadFunc: recv package ok, data lens=38Bytes, time cost=43672ms
[20230613 13:35:34] [589634343] [MS] ipcDataParse: cmd:keepAlive, mask:11
[20230613 13:35:34] [589634343] [MS] sendIpcAnswer: cmd[keepAlive], mask:11, ret:0
[20230613 13:36:24] [589684343] [MS] [work-5] socketRecvThreadFunc: recv package ok, data lens=38Bytes, time cost=50000ms
[20230613 13:36:24] [589684343] [MS] ipcDataParse: cmd:keepAlive, mask:12
[20230613 13:36:24] [589684343] [MS] sendIpcAnswer: cmd[keepAlive], mask:12, ret:0
[20230613 13:37:14] [589734343] [MS] [work-5] socketRecvThreadFunc: recv package ok, data lens=38Bytes, time cost=50000ms
[20230613 13:37:14] [589734593] [MS] ipcDataParse: cmd:keepAlive, mask:13
[20230613 13:37:14] [589734593] [MS] sendIpcAnswer: cmd[keepAlive], mask:13, ret:0
[20230613 13:38:04] [589784609] [MS] [work-5] socketRecvThreadFunc: recv package ok, data lens=38Bytes, time cost=50016ms
[20230613 13:38:04] [589784609] [MS] ipcDataParse: cmd:keepAlive, mask:14
[20230613 13:38:04] [589784609] [MS] sendIpcAnswer: cmd[keepAlive], mask:14, ret:0
[20230613 13:38:54] [589834625] [MS] [work-5] socketRecvThreadFunc: recv package ok, data lens=38Bytes, time cost=50016ms
[20230613 13:38:54] [589834625] [MS] ipcDataParse: cmd:keepAlive, mask:15
[20230613 13:38:54] [589834625] [MS] sendIpcAnswer: cmd[keepAlive], mask:15, ret:0
[20230613 13:39:44] [589884640] [MS] [work-5] socketRecvThreadFunc: recv package ok, data lens=38Bytes, time cost=50015ms
[20230613 13:39:44] [589884640] [MS] ipcDataParse: cmd:keepAlive, mask:16
[20230613 13:39:44] [589884640] [MS] sendIpcAnswer: cmd[keepAlive], mask:16, ret:0
[20230613 13:40:34] [589934656] [MS] [work-5] socketRecvThreadFunc: recv package ok, data lens=38Bytes, time cost=50016ms
[20230613 13:40:34] [589934656] [MS] ipcDataParse: cmd:keepAlive, mask:17
[20230613 13:40:34] [589934656] [MS] sendIpcAnswer: cmd[keepAlive], mask:17, ret:0
[20230613 13:41:24] [589984656] [MS] [work-5] socketRecvThreadFunc: recv package ok, data lens=38Bytes, time cost=50000ms
[20230613 13:41:24] [589984656] [MS] ipcDataParse: cmd:keepAlive, mask:18
[20230613 13:41:24] [589984656] [MS] sendIpcAnswer: cmd[keepAlive], mask:18, ret:0
[20230613 13:42:14] [590034671] [MS] [work-5] socketRecvThreadFunc: recv package ok, data lens=38Bytes, time cost=50015ms
[20230613 13:42:14] [590034671] [MS] ipcDataParse: cmd:keepAlive, mask:19
[20230613 13:42:14] [590034671] [MS] sendIpcAnswer: cmd[keepAlive], mask:19, ret:0
[20230613 13:43:04] [590084671] [MS] [work-5] socketRecvThreadFunc: recv package ok, data lens=38Bytes, time cost=50000ms
[20230613 13:43:04] [590084671] [MS] ipcDataParse: cmd:keepAlive, mask:20
[20230613 13:43:04] [590084671] [MS] sendIpcAnswer: cmd[keepAlive], mask:20, ret:0
[20230613 13:43:54] [590134687] [MS] [work-5] socketRecvThreadFunc: recv package ok, data lens=38Bytes, time cost=50016ms
[20230613 13:43:54] [590134687] [MS] ipcDataParse: cmd:keepAlive, mask:21
[20230613 13:43:54] [590134687] [MS] sendIpcAnswer: cmd[keepAlive], mask:21, ret:0
[20230613 13:44:44] [590184687] [MS] [work-5] socketRecvThreadFunc: recv package ok, data lens=38Bytes, time cost=50000ms
[20230613 13:44:44] [590184687] [MS] ipcDataParse: cmd:keepAlive, mask:22
[20230613 13:44:44] [590184687] [MS] sendIpcAnswer: cmd[keepAlive], mask:22, ret:0
[20230613 13:45:34] [590234703] [MS] [work-5] socketRecvThreadFunc: recv package ok, data lens=38Bytes, time cost=50016ms
[20230613 13:45:35] [590235578] [MS] ipcDataParse: cmd:keepAlive, mask:23
[20230613 13:45:35] [590235578] [MS] sendIpcAnswer: cmd[keepAlive], mask:23, ret:0
[20230613 13:46:25] [590285593] [MS] [work-5] socketRecvThreadFunc: recv package ok, data lens=38Bytes, time cost=50015ms
[20230613 13:46:25] [590285593] [MS] ipcDataParse: cmd:keepAlive, mask:24
[20230613 13:46:25] [590285593] [MS] sendIpcAnswer: cmd[keepAlive], mask:24, ret:0
[20230613 13:47:15] [590335609] [MS] [work-5] socketRecvThreadFunc: recv package ok, data lens=38Bytes, time cost=50016ms
[20230613 13:47:15] [590335609] [MS] ipcDataParse: cmd:keepAlive, mask:25
[20230613 13:47:15] [590335609] [MS] sendIpcAnswer: cmd[keepAlive], mask:25, ret:0
[20230613 13:48:05] [590385625] [MS] [work-5] socketRecvThreadFunc: recv package ok, data lens=38Bytes, time cost=50016ms
[20230613 13:48:05] [590385625] [MS] ipcDataParse: cmd:keepAlive, mask:26
[20230613 13:48:05] [590385625] [MS] sendIpcAnswer: cmd[keepAlive], mask:26, ret:0
[20230613 13:48:55] [590435640] [MS] [work-5] socketRecvThreadFunc: recv package ok, data lens=38Bytes, time cost=50015ms
[20230613 13:48:55] [590435640] [MS] ipcDataParse: cmd:keepAlive, mask:27
[20230613 13:48:55] [590435640] [MS] sendIpcAnswer: cmd[keepAlive], mask:27, ret:0
[20230613 13:49:45] [590485640] [MS] [work-5] socketRecvThreadFunc: recv package ok, data lens=38Bytes, time cost=50000ms
[20230613 13:49:45] [590486031] [MS] ipcDataParse: cmd:keepAlive, mask:28
[20230613 13:49:45] [590486031] [MS] sendIpcAnswer: cmd[keepAlive], mask:28, ret:0
[20230613 13:50:35] [590536046] [MS] [work-5] socketRecvThreadFunc: recv package ok, data lens=38Bytes, time cost=50015ms
[20230613 13:50:35] [590536062] [MS] ipcDataParse: cmd:keepAlive, mask:29
[20230613 13:50:35] [590536062] [MS] sendIpcAnswer: cmd[keepAlive], mask:29, ret:0
[20230613 13:51:25] [590586062] [MS] [work-5] socketRecvThreadFunc: recv package ok, data lens=38Bytes, time cost=50016ms
[20230613 13:51:25] [590586062] [MS] ipcDataParse: cmd:keepAlive, mask:30
[20230613 13:51:25] [590586062] [MS] sendIpcAnswer: cmd[keepAlive], mask:30, ret:0
[20230613 13:52:15] [590636078] [MS] [work-5] socketRecvThreadFunc: recv package ok, data lens=38Bytes, time cost=50016ms
[20230613 13:52:15] [590636078] [MS] ipcDataParse: cmd:keepAlive, mask:31
[20230613 13:52:15] [590636078] [MS] sendIpcAnswer: cmd[keepAlive], mask:31, ret:0
[20230613 13:52:29] [590650046] [MAIN] [main start, version:V1.0.29T1, port=64769]

[20230613 13:52:29] [590650046] [GMD] cGeneralModel create
[20230613 13:52:29] [590650046] [MS] cMultiDownloadServer init
[20230613 13:52:29] [590650078] [MS] socketInitThreadFunc
[20230613 13:52:29] [590650078] [MS] socketSendThreadFunc
[20230613 13:52:29] [590650078] [MS] [work-4294967295] socketSendThreadFunc
[20230613 13:52:29] [590650078] [MS] [work-4294967295] socketRecvThreadFunc
[20230613 13:52:29] [590650093] [MS] socketParsePackageThreadFunc
[20230613 13:52:29] [590650093] [MS] keepAliveThreadFunc
[20230613 13:52:29] [590650093] [MS] msgPackageSendThreadFunc
[20230613 13:52:30] [590650406] [MS] [work-4294967295] socketRecvThreadFunc: recv package ok, data lens=37Bytes, time cost=0ms
[20230613 13:52:30] [590650406] [MS] ipcDataParse: cmd:keepAlive, mask:1
[20230613 13:52:30] [590650406] [MS] sendIpcAnswer: cmd[keepAlive], mask:1, ret:0
[20230613 13:52:33] [590653890] [MS] [work-4294967295] socketRecvThreadFunc: recv package ok, data lens=69Bytes, time cost=3484ms
[20230613 13:52:33] [590653890] [MS] ipcDataParse: cmd:moduleInit, mask:2
[20230613 13:52:33] [590653890] [MS] moduleInit:model:4, work:6
[20230613 13:52:33] [590653890] [GMD] init:model:4, work:6
[20230613 13:52:33] [590653890] [BPT] cBaseProtocol create
[20230613 13:52:33] [590653890] [CH341A] cCh341aPort create
[20230613 13:52:33] [590653890] [CH341A-CORE] ch341aCoreInit
[20230613 13:52:33] [590653890] [MH2T] cMh1902tDownload init
[20230613 13:52:33] [590653921] [BPT] cBaseProtocol create
[20230613 13:52:33] [590653921] [CH341A] cCh341aPort create
[20230613 13:52:33] [590653921] [CH341A-CORE] ch341aCoreInit
[20230613 13:52:33] [590653921] [SM] cSunmiDownload create
[20230613 13:52:33] [590653921] [BPT] init: success!
[20230613 13:52:33] [590653921] [BPT] init: success!
[20230613 13:52:33] [590653937] [MS] sendIpcAnswer: cmd[moduleInit], mask:2, ret:0
[20230613 13:52:35] [590655953] [MS] [work-5] socketRecvThreadFunc: recv package ok, data lens=228Bytes, time cost=2063ms
[20230613 13:52:35] [590655968] [MS] ipcDataParse: cmd:setParam, mask:3
[20230613 13:52:35] [590655968] [BPT] setDownloadFilePath: dt:1, path:E:\CaseCode\Codes\SynologyDrive\MCU_FW_DL_ODM_Code\MCU_FW_DL_ODM\MCU_FW_DL_ODM\MCU_FW_DL_ODM_V1.0.0\Fir\CT621_LiteOS_V2.1.21_20230316\MH1902T_PUK.rsa
[20230613 13:52:35] [590655968] [MH2T] setKeyDownloadParam:密钥文件载入成功
[20230613 13:52:35] [590655968] [MS] sendIpcAnswer: cmd[setParam], mask:3, ret:0
[20230613 13:52:36] [590656265] [MS] [work-5] socketRecvThreadFunc: recv package ok, data lens=246Bytes, time cost=297ms
[20230613 13:52:36] [590656265] [MS] ipcDataParse: cmd:setParam, mask:4
[20230613 13:52:36] [590656265] [BPT] setDownloadFilePath: dt:2, path:E:\CaseCode\Codes\SynologyDrive\MCU_FW_DL_ODM_Code\MCU_FW_DL_ODM\MCU_FW_DL_ODM\MCU_FW_DL_ODM_V1.0.0\Fir\CT621_LiteOS_V2.1.21_20230316\MH1902T_BOOT_V2.0.10_20220906.sig
[20230613 13:52:36] [590656265] [MS] sendIpcAnswer: cmd[setParam], mask:4, ret:0
[20230613 13:52:36] [590656562] [MS] [work-5] socketRecvThreadFunc: recv package ok, data lens=236Bytes, time cost=297ms
[20230613 13:52:36] [590656562] [MS] ipcDataParse: cmd:setParam, mask:5
[20230613 13:52:36] [590656562] [BPT] setDownloadFilePath: dt:3, path:E:\CaseCode\Codes\SynologyDrive\MCU_FW_DL_ODM_Code\MCU_FW_DL_ODM\MCU_FW_DL_ODM\MCU_FW_DL_ODM_V1.0.0\Fir\CT621_LiteOS_V2.1.21_20230316\CT621_CFG_V2.02.dat.sig
[20230613 13:52:36] [590656562] [MS] sendIpcAnswer: cmd[setParam], mask:5, ret:0
[20230613 13:52:36] [590656906] [MS] [work-5] socketRecvThreadFunc: recv package ok, data lens=228Bytes, time cost=344ms
[20230613 13:52:36] [590656906] [MS] ipcDataParse: cmd:setParam, mask:6
[20230613 13:52:36] [590656906] [BPT] setDownloadFilePath: dt:4, path:E:\CaseCode\Codes\SynologyDrive\MCU_FW_DL_ODM_Code\MCU_FW_DL_ODM\MCU_FW_DL_ODM\MCU_FW_DL_ODM_V1.0.0\Fir\CT621_LiteOS_V2.1.21_20230316\MH1902T_PUK.rsa
[20230613 13:52:36] [590656906] [MS] sendIpcAnswer: cmd[setParam], mask:6, ret:0
[20230613 13:52:37] [590657921] [MS] [work-5] socketRecvThreadFunc: recv package ok, data lens=228Bytes, time cost=1015ms
[20230613 13:52:37] [590657921] [MS] ipcDataParse: cmd:setParam, mask:7
[20230613 13:52:37] [590657921] [BPT] setDownloadFilePath: dt:1, path:E:\CaseCode\Codes\SynologyDrive\MCU_FW_DL_ODM_Code\MCU_FW_DL_ODM\MCU_FW_DL_ODM\MCU_FW_DL_ODM_V1.0.0\Fir\CT621_LiteOS_V2.1.21_20230316\MH1902T_PUK.rsa
[20230613 13:52:37] [590657921] [MH2T] setKeyDownloadParam:密钥文件载入成功
[20230613 13:52:37] [590657921] [MS] sendIpcAnswer: cmd[setParam], mask:7, ret:0
[20230613 13:52:37] [590658078] [MS] [work-5] socketRecvThreadFunc: recv package ok, data lens=246Bytes, time cost=157ms
[20230613 13:52:37] [590658078] [MS] ipcDataParse: cmd:setParam, mask:8
[20230613 13:52:37] [590658078] [BPT] setDownloadFilePath: dt:2, path:E:\CaseCode\Codes\SynologyDrive\MCU_FW_DL_ODM_Code\MCU_FW_DL_ODM\MCU_FW_DL_ODM\MCU_FW_DL_ODM_V1.0.0\Fir\CT621_LiteOS_V2.1.21_20230316\MH1902T_BOOT_V2.0.10_20220906.sig
[20230613 13:52:37] [590658078] [MS] sendIpcAnswer: cmd[setParam], mask:8, ret:0
[20230613 13:52:38] [590658218] [MS] [work-5] socketRecvThreadFunc: recv package ok, data lens=236Bytes, time cost=140ms
[20230613 13:52:38] [590658218] [MS] ipcDataParse: cmd:setParam, mask:9
[20230613 13:52:38] [590658218] [BPT] setDownloadFilePath: dt:3, path:E:\CaseCode\Codes\SynologyDrive\MCU_FW_DL_ODM_Code\MCU_FW_DL_ODM\MCU_FW_DL_ODM\MCU_FW_DL_ODM_V1.0.0\Fir\CT621_LiteOS_V2.1.21_20230316\CT621_CFG_V2.02.dat.sig
[20230613 13:52:38] [590658218] [MS] sendIpcAnswer: cmd[setParam], mask:9, ret:0
[20230613 13:52:38] [590658390] [MS] [work-5] socketRecvThreadFunc: recv package ok, data lens=253Bytes, time cost=172ms
[20230613 13:52:38] [590658390] [MS] ipcDataParse: cmd:setParam, mask:10
[20230613 13:52:38] [590658390] [BPT] setDownloadFilePath: dt:4, path:E:\CaseCode\Codes\SynologyDrive\MCU_FW_DL_ODM_Code\MCU_FW_DL_ODM\MCU_FW_DL_ODM\MCU_FW_DL_ODM_V1.0.0\Fir\CT621_LiteOS_V2.1.21_20230316\MH1902T_LiteOS_V2.1.21_20230316.bin.sig
[20230613 13:52:38] [590658390] [MS] sendIpcAnswer: cmd[setParam], mask:10, ret:0
[20230613 13:53:20] [590700421] [MS] [work-5] socketRecvThreadFunc: recv package ok, data lens=38Bytes, time cost=42031ms
[20230613 13:53:20] [590700421] [MS] ipcDataParse: cmd:keepAlive, mask:11
[20230613 13:53:20] [590700421] [MS] sendIpcAnswer: cmd[keepAlive], mask:11, ret:0
[20230613 13:54:10] [590750421] [MS] [work-5] socketRecvThreadFunc: recv package ok, data lens=38Bytes, time cost=50000ms
[20230613 13:54:10] [590750421] [MS] ipcDataParse: cmd:keepAlive, mask:12
[20230613 13:54:10] [590750421] [MS] sendIpcAnswer: cmd[keepAlive], mask:12, ret:0
[20230613 13:55:00] [590800437] [MS] [work-5] socketRecvThreadFunc: recv package ok, data lens=38Bytes, time cost=50016ms
[20230613 13:55:00] [590800437] [MS] ipcDataParse: cmd:keepAlive, mask:13
[20230613 13:55:00] [590800437] [MS] sendIpcAnswer: cmd[keepAlive], mask:13, ret:0
[20230613 13:55:50] [590850437] [MS] [work-5] socketRecvThreadFunc: recv package ok, data lens=38Bytes, time cost=50000ms
[20230613 13:55:50] [590850437] [MS] ipcDataParse: cmd:keepAlive, mask:14
[20230613 13:55:50] [590850437] [MS] sendIpcAnswer: cmd[keepAlive], mask:14, ret:0
[20230613 13:56:40] [590900453] [MS] [work-5] socketRecvThreadFunc: recv package ok, data lens=38Bytes, time cost=50016ms
[20230613 13:56:40] [590900453] [MS] ipcDataParse: cmd:keepAlive, mask:15
[20230613 13:56:40] [590900453] [MS] sendIpcAnswer: cmd[keepAlive], mask:15, ret:0
[20230613 13:57:30] [590950453] [MS] [work-5] socketRecvThreadFunc: recv package ok, data lens=38Bytes, time cost=50000ms
[20230613 13:57:30] [590950453] [MS] ipcDataParse: cmd:keepAlive, mask:16
[20230613 13:57:30] [590950453] [MS] sendIpcAnswer: cmd[keepAlive], mask:16, ret:0
[20230613 13:58:20] [591000468] [MS] [work-5] socketRecvThreadFunc: recv package ok, data lens=38Bytes, time cost=50015ms
[20230613 13:58:20] [591000468] [MS] ipcDataParse: cmd:keepAlive, mask:17
[20230613 13:58:20] [591000468] [MS] sendIpcAnswer: cmd[keepAlive], mask:17, ret:0
[20230613 13:59:10] [591050468] [MS] [work-5] socketRecvThreadFunc: recv package ok, data lens=38Bytes, time cost=50000ms
[20230613 13:59:10] [591050468] [MS] ipcDataParse: cmd:keepAlive, mask:18
[20230613 13:59:10] [591050468] [MS] sendIpcAnswer: cmd[keepAlive], mask:18, ret:0
[20230613 14:00:00] [591100484] [MS] [work-5] socketRecvThreadFunc: recv package ok, data lens=38Bytes, time cost=50016ms
[20230613 14:00:00] [591100484] [MS] ipcDataParse: cmd:keepAlive, mask:19
[20230613 14:00:00] [591100484] [MS] sendIpcAnswer: cmd[keepAlive], mask:19, ret:0
[20230613 14:00:50] [591150484] [MS] [work-5] socketRecvThreadFunc: recv package ok, data lens=38Bytes, time cost=50000ms
[20230613 14:00:50] [591150484] [MS] ipcDataParse: cmd:keepAlive, mask:20
[20230613 14:00:50] [591150484] [MS] sendIpcAnswer: cmd[keepAlive], mask:20, ret:0
[20230613 14:01:40] [591200484] [MS] [work-5] socketRecvThreadFunc: recv package ok, data lens=38Bytes, time cost=50000ms
[20230613 14:01:40] [591200500] [MS] ipcDataParse: cmd:keepAlive, mask:21
[20230613 14:01:40] [591200500] [MS] sendIpcAnswer: cmd[keepAlive], mask:21, ret:0
[20230613 14:02:30] [591250500] [MS] [work-5] socketRecvThreadFunc: recv package ok, data lens=38Bytes, time cost=50000ms
[20230613 14:02:30] [591250500] [MS] ipcDataParse: cmd:keepAlive, mask:22
[20230613 14:02:30] [591250500] [MS] sendIpcAnswer: cmd[keepAlive], mask:22, ret:0
[20230613 14:03:20] [591300500] [MS] [work-5] socketRecvThreadFunc: recv package ok, data lens=38Bytes, time cost=50000ms
[20230613 14:03:20] [591300500] [MS] ipcDataParse: cmd:keepAlive, mask:23
[20230613 14:03:20] [591300500] [MS] sendIpcAnswer: cmd[keepAlive], mask:23, ret:0
[20230613 14:04:10] [591350515] [MS] [work-5] socketRecvThreadFunc: recv package ok, data lens=38Bytes, time cost=50015ms
[20230613 14:04:10] [591350515] [MS] ipcDataParse: cmd:keepAlive, mask:24
[20230613 14:04:10] [591350515] [MS] sendIpcAnswer: cmd[keepAlive], mask:24, ret:0
[20230613 14:05:00] [591400515] [MS] [work-5] socketRecvThreadFunc: recv package ok, data lens=38Bytes, time cost=50000ms
[20230613 14:05:00] [591400515] [MS] ipcDataParse: cmd:keepAlive, mask:25
[20230613 14:05:00] [591400515] [MS] sendIpcAnswer: cmd[keepAlive], mask:25, ret:0
[20230613 14:05:50] [591450515] [MS] [work-5] socketRecvThreadFunc: recv package ok, data lens=38Bytes, time cost=50000ms
[20230613 14:05:50] [591450515] [MS] ipcDataParse: cmd:keepAlive, mask:26
[20230613 14:05:50] [591450515] [MS] sendIpcAnswer: cmd[keepAlive], mask:26, ret:0
[20230613 14:06:40] [591500531] [MS] [work-5] socketRecvThreadFunc: recv package ok, data lens=38Bytes, time cost=50016ms
[20230613 14:06:40] [591500531] [MS] ipcDataParse: cmd:keepAlive, mask:27
[20230613 14:06:40] [591500531] [MS] sendIpcAnswer: cmd[keepAlive], mask:27, ret:0
[20230613 14:07:30] [591550531] [MS] [work-5] socketRecvThreadFunc: recv package ok, data lens=38Bytes, time cost=50000ms
[20230613 14:07:30] [591550531] [MS] ipcDataParse: cmd:keepAlive, mask:28
[20230613 14:07:30] [591550531] [MS] sendIpcAnswer: cmd[keepAlive], mask:28, ret:0
[20230613 14:08:20] [591600531] [MS] [work-5] socketRecvThreadFunc: recv package ok, data lens=38Bytes, time cost=50000ms
[20230613 14:08:20] [591600843] [MS] ipcDataParse: cmd:keepAlive, mask:29
[20230613 14:08:20] [591600843] [MS] sendIpcAnswer: cmd[keepAlive], mask:29, ret:0
[20230613 14:09:10] [591650859] [MS] [work-5] socketRecvThreadFunc: recv package ok, data lens=38Bytes, time cost=50016ms
[20230613 14:09:10] [591650859] [MS] ipcDataParse: cmd:keepAlive, mask:30
[20230613 14:09:10] [591650859] [MS] sendIpcAnswer: cmd[keepAlive], mask:30, ret:0
[20230613 14:10:00] [591700859] [MS] [work-5] socketRecvThreadFunc: recv package ok, data lens=38Bytes, time cost=50000ms
[20230613 14:10:00] [591700859] [MS] ipcDataParse: cmd:keepAlive, mask:31
[20230613 14:10:00] [591700859] [MS] sendIpcAnswer: cmd[keepAlive], mask:31, ret:0
[20230613 14:10:50] [591750875] [MS] [work-5] socketRecvThreadFunc: recv package ok, data lens=38Bytes, time cost=50016ms
[20230613 14:10:50] [591750875] [MS] ipcDataParse: cmd:keepAlive, mask:32
[20230613 14:10:50] [591750875] [MS] sendIpcAnswer: cmd[keepAlive], mask:32, ret:0
[20230613 14:11:40] [591800890] [MS] [work-5] socketRecvThreadFunc: recv package ok, data lens=38Bytes, time cost=50015ms
[20230613 14:11:40] [591800890] [MS] ipcDataParse: cmd:keepAlive, mask:33
[20230613 14:11:40] [591800890] [MS] sendIpcAnswer: cmd[keepAlive], mask:33, ret:0
[20230613 14:12:30] [591850890] [MS] [work-5] socketRecvThreadFunc: recv package ok, data lens=38Bytes, time cost=50000ms
[20230613 14:12:30] [591850937] [MS] ipcDataParse: cmd:keepAlive, mask:34
[20230613 14:12:30] [591850937] [MS] sendIpcAnswer: cmd[keepAlive], mask:34, ret:0
[20230613 14:13:20] [591900953] [MS] [work-5] socketRecvThreadFunc: recv package ok, data lens=38Bytes, time cost=50016ms
[20230613 14:13:20] [591900953] [MS] ipcDataParse: cmd:keepAlive, mask:35
[20230613 14:13:20] [591900953] [MS] sendIpcAnswer: cmd[keepAlive], mask:35, ret:0
[20230613 14:14:10] [591950968] [MS] [work-5] socketRecvThreadFunc: recv package ok, data lens=38Bytes, time cost=50015ms
[20230613 14:14:10] [591950968] [MS] ipcDataParse: cmd:keepAlive, mask:36
[20230613 14:14:10] [591950968] [MS] sendIpcAnswer: cmd[keepAlive], mask:36, ret:0
[20230613 14:15:00] [592000984] [MS] [work-5] socketRecvThreadFunc: recv package ok, data lens=38Bytes, time cost=50016ms
[20230613 14:15:00] [592000984] [MS] ipcDataParse: cmd:keepAlive, mask:37
[20230613 14:15:00] [592000984] [MS] sendIpcAnswer: cmd[keepAlive], mask:37, ret:0
[20230613 14:15:50] [592051000] [MS] [work-5] socketRecvThreadFunc: recv package ok, data lens=38Bytes, time cost=50016ms
[20230613 14:15:50] [592051000] [MS] ipcDataParse: cmd:keepAlive, mask:38
[20230613 14:15:50] [592051000] [MS] sendIpcAnswer: cmd[keepAlive], mask:38, ret:0
[20230613 14:16:40] [592101000] [MS] [work-5] socketRecvThreadFunc: recv package ok, data lens=38Bytes, time cost=50000ms
[20230613 14:16:40] [592101000] [MS] ipcDataParse: cmd:keepAlive, mask:39
[20230613 14:16:40] [592101000] [MS] sendIpcAnswer: cmd[keepAlive], mask:39, ret:0
[20230613 14:17:30] [592151015] [MS] [work-5] socketRecvThreadFunc: recv package ok, data lens=38Bytes, time cost=50015ms
[20230613 14:17:31] [592151609] [MS] ipcDataParse: cmd:keepAlive, mask:40
[20230613 14:17:31] [592151609] [MS] sendIpcAnswer: cmd[keepAlive], mask:40, ret:0
[20230613 14:18:21] [592201609] [MS] [work-5] socketRecvThreadFunc: recv package ok, data lens=38Bytes, time cost=50000ms
[20230613 14:18:21] [592201609] [MS] ipcDataParse: cmd:keepAlive, mask:41
[20230613 14:18:21] [592201609] [MS] sendIpcAnswer: cmd[keepAlive], mask:41, ret:0
[20230613 14:19:11] [592251625] [MS] [work-5] socketRecvThreadFunc: recv package ok, data lens=38Bytes, time cost=50016ms
[20230613 14:19:11] [592251625] [MS] ipcDataParse: cmd:keepAlive, mask:42
[20230613 14:19:11] [592251625] [MS] sendIpcAnswer: cmd[keepAlive], mask:42, ret:0
[20230613 14:20:01] [592301640] [MS] [work-5] socketRecvThreadFunc: recv package ok, data lens=38Bytes, time cost=50015ms
[20230613 14:20:01] [592301640] [MS] ipcDataParse: cmd:keepAlive, mask:43
[20230613 14:20:01] [592301640] [MS] sendIpcAnswer: cmd[keepAlive], mask:43, ret:0
[20230613 14:20:51] [592351656] [MS] [work-5] socketRecvThreadFunc: recv package ok, data lens=38Bytes, time cost=50016ms
[20230613 14:20:51] [592351656] [MS] ipcDataParse: cmd:keepAlive, mask:44
[20230613 14:20:51] [592351656] [MS] sendIpcAnswer: cmd[keepAlive], mask:44, ret:0
[20230613 14:21:41] [592401656] [MS] [work-5] socketRecvThreadFunc: recv package ok, data lens=38Bytes, time cost=50000ms
[20230613 14:21:41] [592401656] [MS] ipcDataParse: cmd:keepAlive, mask:45
[20230613 14:21:41] [592401656] [MS] sendIpcAnswer: cmd[keepAlive], mask:45, ret:0
[20230613 14:22:31] [592451671] [MS] [work-5] socketRecvThreadFunc: recv package ok, data lens=38Bytes, time cost=50015ms
[20230613 14:22:31] [592451671] [MS] ipcDataParse: cmd:keepAlive, mask:46
[20230613 14:22:31] [592451671] [MS] sendIpcAnswer: cmd[keepAlive], mask:46, ret:0
[20230613 14:23:21] [592501671] [MS] [work-5] socketRecvThreadFunc: recv package ok, data lens=38Bytes, time cost=50000ms
[20230613 14:23:21] [592501671] [MS] ipcDataParse: cmd:keepAlive, mask:47
[20230613 14:23:21] [592501671] [MS] sendIpcAnswer: cmd[keepAlive], mask:47, ret:0
[20230613 14:24:11] [592551671] [MS] [work-5] socketRecvThreadFunc: recv package ok, data lens=38Bytes, time cost=50000ms
[20230613 14:24:11] [592551671] [MS] ipcDataParse: cmd:keepAlive, mask:48
[20230613 14:24:11] [592551671] [MS] sendIpcAnswer: cmd[keepAlive], mask:48, ret:0
[20230613 14:25:01] [592601687] [MS] [work-5] socketRecvThreadFunc: recv package ok, data lens=38Bytes, time cost=50016ms
[20230613 14:25:01] [592601687] [MS] ipcDataParse: cmd:keepAlive, mask:49
[20230613 14:25:01] [592601687] [MS] sendIpcAnswer: cmd[keepAlive], mask:49, ret:0
[20230613 14:25:51] [592651687] [MS] [work-5] socketRecvThreadFunc: recv package ok, data lens=38Bytes, time cost=50000ms
[20230613 14:25:51] [592651687] [MS] ipcDataParse: cmd:keepAlive, mask:50
[20230613 14:25:51] [592651687] [MS] sendIpcAnswer: cmd[keepAlive], mask:50, ret:0
[20230613 14:26:41] [592701687] [MS] [work-5] socketRecvThreadFunc: recv package ok, data lens=38Bytes, time cost=50000ms
[20230613 14:26:41] [592701687] [MS] ipcDataParse: cmd:keepAlive, mask:51
[20230613 14:26:41] [592701687] [MS] sendIpcAnswer: cmd[keepAlive], mask:51, ret:0
[20230613 14:27:31] [592751703] [MS] [work-5] socketRecvThreadFunc: recv package ok, data lens=38Bytes, time cost=50016ms
[20230613 14:27:31] [592751703] [MS] ipcDataParse: cmd:keepAlive, mask:52
[20230613 14:27:31] [592751703] [MS] sendIpcAnswer: cmd[keepAlive], mask:52, ret:0
[20230613 14:28:21] [592801703] [MS] [work-5] socketRecvThreadFunc: recv package ok, data lens=38Bytes, time cost=50000ms
[20230613 14:28:21] [592801703] [MS] ipcDataParse: cmd:keepAlive, mask:53
[20230613 14:28:21] [592801703] [MS] sendIpcAnswer: cmd[keepAlive], mask:53, ret:0
[20230613 14:29:11] [592851718] [MS] [work-5] socketRecvThreadFunc: recv package ok, data lens=38Bytes, time cost=50015ms
[20230613 14:29:11] [592851718] [MS] ipcDataParse: cmd:keepAlive, mask:54
[20230613 14:29:11] [592851718] [MS] sendIpcAnswer: cmd[keepAlive], mask:54, ret:0
[20230613 14:30:01] [592901718] [MS] [work-5] socketRecvThreadFunc: recv package ok, data lens=38Bytes, time cost=50000ms
[20230613 14:30:01] [592901718] [MS] ipcDataParse: cmd:keepAlive, mask:55
[20230613 14:30:01] [592901718] [MS] sendIpcAnswer: cmd[keepAlive], mask:55, ret:0
[20230613 14:30:51] [592951718] [MS] [work-5] socketRecvThreadFunc: recv package ok, data lens=38Bytes, time cost=50000ms
[20230613 14:30:51] [592951718] [MS] ipcDataParse: cmd:keepAlive, mask:56
[20230613 14:30:51] [592951718] [MS] sendIpcAnswer: cmd[keepAlive], mask:56, ret:0
[20230613 14:31:41] [593001718] [MS] [work-5] socketRecvThreadFunc: recv package ok, data lens=38Bytes, time cost=50000ms
[20230613 14:31:41] [593001718] [MS] ipcDataParse: cmd:keepAlive, mask:57
[20230613 14:31:41] [593001718] [MS] sendIpcAnswer: cmd[keepAlive], mask:57, ret:0
[20230613 14:32:31] [593051734] [MS] [work-5] socketRecvThreadFunc: recv package ok, data lens=38Bytes, time cost=50016ms
[20230613 14:32:31] [593051734] [MS] ipcDataParse: cmd:keepAlive, mask:58
[20230613 14:32:31] [593051734] [MS] sendIpcAnswer: cmd[keepAlive], mask:58, ret:0
[20230613 14:33:21] [593101734] [MS] [work-5] socketRecvThreadFunc: recv package ok, data lens=38Bytes, time cost=50000ms
[20230613 14:33:21] [593101734] [MS] ipcDataParse: cmd:keepAlive, mask:59
[20230613 14:33:21] [593101734] [MS] sendIpcAnswer: cmd[keepAlive], mask:59, ret:0
[20230613 14:34:11] [593151734] [MS] [work-5] socketRecvThreadFunc: recv package ok, data lens=38Bytes, time cost=50000ms
[20230613 14:34:12] [593152953] [MS] ipcDataParse: cmd:keepAlive, mask:60
[20230613 14:34:12] [593152953] [MS] sendIpcAnswer: cmd[keepAlive], mask:60, ret:0
[20230613 14:35:02] [593202968] [MS] [work-5] socketRecvThreadFunc: recv package ok, data lens=38Bytes, time cost=50015ms
[20230613 14:35:02] [593202968] [MS] ipcDataParse: cmd:keepAlive, mask:61
[20230613 14:35:02] [593202968] [MS] sendIpcAnswer: cmd[keepAlive], mask:61, ret:0
[20230613 14:35:52] [593252984] [MS] [work-5] socketRecvThreadFunc: recv package ok, data lens=38Bytes, time cost=50016ms
[20230613 14:35:52] [593252984] [MS] ipcDataParse: cmd:keepAlive, mask:62
[20230613 14:35:52] [593252984] [MS] sendIpcAnswer: cmd[keepAlive], mask:62, ret:0
[20230613 14:36:42] [593303000] [MS] [work-5] socketRecvThreadFunc: recv package ok, data lens=38Bytes, time cost=50016ms
[20230613 14:36:42] [593303000] [MS] ipcDataParse: cmd:keepAlive, mask:63
[20230613 14:36:42] [593303000] [MS] sendIpcAnswer: cmd[keepAlive], mask:63, ret:0
[20230613 14:37:32] [593353015] [MS] [work-5] socketRecvThreadFunc: recv package ok, data lens=38Bytes, time cost=50015ms
[20230613 14:37:34] [593354109] [MS] ipcDataParse: cmd:keepAlive, mask:64
[20230613 14:37:34] [593354109] [MS] sendIpcAnswer: cmd[keepAlive], mask:64, ret:0
[20230613 14:38:24] [593404125] [MS] [work-5] socketRecvThreadFunc: recv package ok, data lens=38Bytes, time cost=50016ms
[20230613 14:38:24] [593404125] [MS] ipcDataParse: cmd:keepAlive, mask:65
[20230613 14:38:24] [593404125] [MS] sendIpcAnswer: cmd[keepAlive], mask:65, ret:0
[20230613 14:39:14] [593454140] [MS] [work-5] socketRecvThreadFunc: recv package ok, data lens=38Bytes, time cost=50015ms
[20230613 14:39:14] [593454140] [MS] ipcDataParse: cmd:keepAlive, mask:66
[20230613 14:39:14] [593454140] [MS] sendIpcAnswer: cmd[keepAlive], mask:66, ret:0
[20230613 14:40:04] [593504156] [MS] [work-5] socketRecvThreadFunc: recv package ok, data lens=38Bytes, time cost=50016ms
[20230613 14:40:04] [593504156] [MS] ipcDataParse: cmd:keepAlive, mask:67
[20230613 14:40:04] [593504156] [MS] sendIpcAnswer: cmd[keepAlive], mask:67, ret:0
[20230613 14:40:54] [593554156] [MS] [work-5] socketRecvThreadFunc: recv package ok, data lens=38Bytes, time cost=50000ms
[20230613 14:40:54] [593554156] [MS] ipcDataParse: cmd:keepAlive, mask:68
[20230613 14:40:54] [593554156] [MS] sendIpcAnswer: cmd[keepAlive], mask:68, ret:0
[20230613 14:41:44] [593604171] [MS] [work-5] socketRecvThreadFunc: recv package ok, data lens=38Bytes, time cost=50015ms
[20230613 14:41:44] [593604171] [MS] ipcDataParse: cmd:keepAlive, mask:69
[20230613 14:41:44] [593604171] [MS] sendIpcAnswer: cmd[keepAlive], mask:69, ret:0
[20230613 14:42:34] [593654171] [MS] [work-5] socketRecvThreadFunc: recv package ok, data lens=38Bytes, time cost=50000ms
[20230613 14:42:34] [593654171] [MS] ipcDataParse: cmd:keepAlive, mask:70
[20230613 14:42:34] [593654171] [MS] sendIpcAnswer: cmd[keepAlive], mask:70, ret:0
[20230613 14:43:24] [593704187] [MS] [work-5] socketRecvThreadFunc: recv package ok, data lens=38Bytes, time cost=50016ms
[20230613 14:43:24] [593704187] [MS] ipcDataParse: cmd:keepAlive, mask:71
[20230613 14:43:24] [593704187] [MS] sendIpcAnswer: cmd[keepAlive], mask:71, ret:0
[20230613 14:44:14] [593754187] [MS] [work-5] socketRecvThreadFunc: recv package ok, data lens=38Bytes, time cost=50000ms
[20230613 14:44:14] [593754187] [MS] ipcDataParse: cmd:keepAlive, mask:72
[20230613 14:44:14] [593754187] [MS] sendIpcAnswer: cmd[keepAlive], mask:72, ret:0
[20230613 14:45:04] [593804203] [MS] [work-5] socketRecvThreadFunc: recv package ok, data lens=38Bytes, time cost=50016ms
[20230613 14:45:04] [593804203] [MS] ipcDataParse: cmd:keepAlive, mask:73
[20230613 14:45:04] [593804203] [MS] sendIpcAnswer: cmd[keepAlive], mask:73, ret:0
[20230613 14:45:54] [593854203] [MS] [work-5] socketRecvThreadFunc: recv package ok, data lens=38Bytes, time cost=50000ms
[20230613 14:45:54] [593854203] [MS] ipcDataParse: cmd:keepAlive, mask:74
[20230613 14:45:54] [593854203] [MS] sendIpcAnswer: cmd[keepAlive], mask:74, ret:0
[20230613 14:46:44] [593904203] [MS] [work-5] socketRecvThreadFunc: recv package ok, data lens=38Bytes, time cost=50000ms
[20230613 14:46:44] [593904203] [MS] ipcDataParse: cmd:keepAlive, mask:75
[20230613 14:46:44] [593904203] [MS] sendIpcAnswer: cmd[keepAlive], mask:75, ret:0
[20230613 14:47:34] [593954218] [MS] [work-5] socketRecvThreadFunc: recv package ok, data lens=38Bytes, time cost=50015ms
[20230613 14:47:34] [593954218] [MS] ipcDataParse: cmd:keepAlive, mask:76
[20230613 14:47:34] [593954218] [MS] sendIpcAnswer: cmd[keepAlive], mask:76, ret:0
[20230613 14:48:24] [594004218] [MS] [work-5] socketRecvThreadFunc: recv package ok, data lens=38Bytes, time cost=50000ms
[20230613 14:48:24] [594004218] [MS] ipcDataParse: cmd:keepAlive, mask:77
[20230613 14:48:24] [594004218] [MS] sendIpcAnswer: cmd[keepAlive], mask:77, ret:0
[20230613 14:49:14] [594054234] [MS] [work-5] socketRecvThreadFunc: recv package ok, data lens=38Bytes, time cost=50016ms
[20230613 14:49:14] [594054234] [MS] ipcDataParse: cmd:keepAlive, mask:78
[20230613 14:49:14] [594054234] [MS] sendIpcAnswer: cmd[keepAlive], mask:78, ret:0
[20230613 14:50:04] [594104234] [MS] [work-5] socketRecvThreadFunc: recv package ok, data lens=38Bytes, time cost=50000ms
[20230613 14:50:04] [594104234] [MS] ipcDataParse: cmd:keepAlive, mask:79
[20230613 14:50:04] [594104234] [MS] sendIpcAnswer: cmd[keepAlive], mask:79, ret:0
[20230613 14:50:54] [594154234] [MS] [work-5] socketRecvThreadFunc: recv package ok, data lens=38Bytes, time cost=50000ms
[20230613 14:50:54] [594154234] [MS] ipcDataParse: cmd:keepAlive, mask:80
[20230613 14:50:54] [594154234] [MS] sendIpcAnswer: cmd[keepAlive], mask:80, ret:0
[20230613 14:51:44] [594204234] [MS] [work-5] socketRecvThreadFunc: recv package ok, data lens=38Bytes, time cost=50000ms
[20230613 14:51:44] [594204234] [MS] ipcDataParse: cmd:keepAlive, mask:81
[20230613 14:51:44] [594204234] [MS] sendIpcAnswer: cmd[keepAlive], mask:81, ret:0
[20230613 14:52:34] [594254250] [MS] [work-5] socketRecvThreadFunc: recv package ok, data lens=38Bytes, time cost=50016ms
[20230613 14:52:34] [594254250] [MS] ipcDataParse: cmd:keepAlive, mask:82
[20230613 14:52:34] [594254250] [MS] sendIpcAnswer: cmd[keepAlive], mask:82, ret:0
[20230613 14:53:24] [594304250] [MS] [work-5] socketRecvThreadFunc: recv package ok, data lens=38Bytes, time cost=50000ms
[20230613 14:53:24] [594304250] [MS] ipcDataParse: cmd:keepAlive, mask:83
[20230613 14:53:24] [594304250] [MS] sendIpcAnswer: cmd[keepAlive], mask:83, ret:0
[20230613 14:54:14] [594354250] [MS] [work-5] socketRecvThreadFunc: recv package ok, data lens=38Bytes, time cost=50000ms
[20230613 14:54:14] [594354625] [MS] ipcDataParse: cmd:keepAlive, mask:84
[20230613 14:54:14] [594354625] [MS] sendIpcAnswer: cmd[keepAlive], mask:84, ret:0
[20230613 14:55:04] [594404640] [MS] [work-5] socketRecvThreadFunc: recv package ok, data lens=38Bytes, time cost=50015ms
[20230613 14:55:04] [594404640] [MS] ipcDataParse: cmd:keepAlive, mask:85
[20230613 14:55:04] [594404640] [MS] sendIpcAnswer: cmd[keepAlive], mask:85, ret:0
[20230613 14:55:54] [594454640] [MS] [work-5] socketRecvThreadFunc: recv package ok, data lens=38Bytes, time cost=50000ms
[20230613 14:55:54] [594454859] [MS] ipcDataParse: cmd:keepAlive, mask:86
[20230613 14:55:54] [594454859] [MS] sendIpcAnswer: cmd[keepAlive], mask:86, ret:0
[20230613 14:56:44] [594504875] [MS] [work-5] socketRecvThreadFunc: recv package ok, data lens=38Bytes, time cost=50016ms
[20230613 14:56:44] [594504875] [MS] ipcDataParse: cmd:keepAlive, mask:87
[20230613 14:56:44] [594504875] [MS] sendIpcAnswer: cmd[keepAlive], mask:87, ret:0
[20230613 14:57:34] [594554890] [MS] [work-5] socketRecvThreadFunc: recv package ok, data lens=38Bytes, time cost=50015ms
[20230613 14:57:34] [594554890] [MS] ipcDataParse: cmd:keepAlive, mask:88
[20230613 14:57:34] [594554890] [MS] sendIpcAnswer: cmd[keepAlive], mask:88, ret:0
[20230613 14:58:24] [594604890] [MS] [work-5] socketRecvThreadFunc: recv package ok, data lens=38Bytes, time cost=50000ms
[20230613 14:58:24] [594604890] [MS] ipcDataParse: cmd:keepAlive, mask:89
[20230613 14:58:24] [594604890] [MS] sendIpcAnswer: cmd[keepAlive], mask:89, ret:0
[20230613 14:59:14] [594654890] [MS] [work-5] socketRecvThreadFunc: recv package ok, data lens=38Bytes, time cost=50000ms
[20230613 14:59:14] [594654890] [MS] ipcDataParse: cmd:keepAlive, mask:90
[20230613 14:59:14] [594654890] [MS] sendIpcAnswer: cmd[keepAlive], mask:90, ret:0
[20230613 15:00:04] [594704906] [MS] [work-5] socketRecvThreadFunc: recv package ok, data lens=38Bytes, time cost=50016ms
[20230613 15:00:04] [594705046] [MS] ipcDataParse: cmd:keepAlive, mask:91
[20230613 15:00:04] [594705046] [MS] sendIpcAnswer: cmd[keepAlive], mask:91, ret:0
[20230613 15:00:54] [594755046] [MS] [work-5] socketRecvThreadFunc: recv package ok, data lens=38Bytes, time cost=50000ms
[20230613 15:00:54] [594755046] [MS] ipcDataParse: cmd:keepAlive, mask:92
[20230613 15:00:54] [594755046] [MS] sendIpcAnswer: cmd[keepAlive], mask:92, ret:0
[20230613 15:01:44] [594805062] [MS] [work-5] socketRecvThreadFunc: recv package ok, data lens=38Bytes, time cost=50016ms
[20230613 15:01:44] [594805062] [MS] ipcDataParse: cmd:keepAlive, mask:93
[20230613 15:01:44] [594805062] [MS] sendIpcAnswer: cmd[keepAlive], mask:93, ret:0
[20230613 15:02:34] [594855062] [MS] [work-5] socketRecvThreadFunc: recv package ok, data lens=38Bytes, time cost=50000ms
[20230613 15:02:34] [594855078] [MS] ipcDataParse: cmd:keepAlive, mask:94
[20230613 15:02:34] [594855078] [MS] sendIpcAnswer: cmd[keepAlive], mask:94, ret:0
[20230613 15:03:24] [594905078] [MS] [work-5] socketRecvThreadFunc: recv package ok, data lens=38Bytes, time cost=50000ms
[20230613 15:03:24] [594905078] [MS] ipcDataParse: cmd:keepAlive, mask:95
[20230613 15:03:24] [594905078] [MS] sendIpcAnswer: cmd[keepAlive], mask:95, ret:0
[20230613 15:04:14] [594955078] [MS] [work-5] socketRecvThreadFunc: recv package ok, data lens=38Bytes, time cost=50000ms
[20230613 15:04:14] [594955078] [MS] ipcDataParse: cmd:keepAlive, mask:96
[20230613 15:04:14] [594955078] [MS] sendIpcAnswer: cmd[keepAlive], mask:96, ret:0
[20230613 15:05:04] [595005093] [MS] [work-5] socketRecvThreadFunc: recv package ok, data lens=38Bytes, time cost=50015ms
[20230613 15:05:04] [595005093] [MS] ipcDataParse: cmd:keepAlive, mask:97
[20230613 15:05:04] [595005093] [MS] sendIpcAnswer: cmd[keepAlive], mask:97, ret:0
[20230613 15:05:54] [595055093] [MS] [work-5] socketRecvThreadFunc: recv package ok, data lens=38Bytes, time cost=50000ms
[20230613 15:05:54] [595055093] [MS] ipcDataParse: cmd:keepAlive, mask:98
[20230613 15:05:54] [595055093] [MS] sendIpcAnswer: cmd[keepAlive], mask:98, ret:0
[20230613 15:06:45] [595105109] [MS] [work-5] socketRecvThreadFunc: recv package ok, data lens=38Bytes, time cost=50016ms
[20230613 15:06:45] [595105109] [MS] ipcDataParse: cmd:keepAlive, mask:99
[20230613 15:06:45] [595105109] [MS] sendIpcAnswer: cmd[keepAlive], mask:99, ret:0
[20230613 15:07:35] [595155109] [MS] [work-5] socketRecvThreadFunc: recv package ok, data lens=39Bytes, time cost=50000ms
[20230613 15:07:35] [595155109] [MS] ipcDataParse: cmd:keepAlive, mask:100
[20230613 15:07:35] [595155109] [MS] sendIpcAnswer: cmd[keepAlive], mask:100, ret:0
[20230613 15:08:25] [595205109] [MS] [work-5] socketRecvThreadFunc: recv package ok, data lens=39Bytes, time cost=50000ms
[20230613 15:08:25] [595205109] [MS] ipcDataParse: cmd:keepAlive, mask:101
[20230613 15:08:25] [595205109] [MS] sendIpcAnswer: cmd[keepAlive], mask:101, ret:0
[20230613 15:09:15] [595255125] [MS] [work-5] socketRecvThreadFunc: recv package ok, data lens=39Bytes, time cost=50016ms
[20230613 15:09:15] [595255125] [MS] ipcDataParse: cmd:keepAlive, mask:102
[20230613 15:09:15] [595255125] [MS] sendIpcAnswer: cmd[keepAlive], mask:102, ret:0
[20230613 15:10:05] [595305125] [MS] [work-5] socketRecvThreadFunc: recv package ok, data lens=39Bytes, time cost=50000ms
[20230613 15:10:05] [595305125] [MS] ipcDataParse: cmd:keepAlive, mask:103
[20230613 15:10:05] [595305125] [MS] sendIpcAnswer: cmd[keepAlive], mask:103, ret:0
[20230613 15:10:55] [595355125] [MS] [work-5] socketRecvThreadFunc: recv package ok, data lens=39Bytes, time cost=50000ms
[20230613 15:10:55] [595355125] [MS] ipcDataParse: cmd:keepAlive, mask:104
[20230613 15:10:55] [595355125] [MS] sendIpcAnswer: cmd[keepAlive], mask:104, ret:0
[20230613 15:11:45] [595405140] [MS] [work-5] socketRecvThreadFunc: recv package ok, data lens=39Bytes, time cost=50015ms
[20230613 15:11:45] [595405140] [MS] ipcDataParse: cmd:keepAlive, mask:105
[20230613 15:11:45] [595405140] [MS] sendIpcAnswer: cmd[keepAlive], mask:105, ret:0
[20230613 15:12:35] [595455140] [MS] [work-5] socketRecvThreadFunc: recv package ok, data lens=39Bytes, time cost=50000ms
[20230613 15:12:35] [595455140] [MS] ipcDataParse: cmd:keepAlive, mask:106
[20230613 15:12:35] [595455140] [MS] sendIpcAnswer: cmd[keepAlive], mask:106, ret:0
[20230613 15:13:25] [595505140] [MS] [work-5] socketRecvThreadFunc: recv package ok, data lens=39Bytes, time cost=50000ms
[20230613 15:13:25] [595505140] [MS] ipcDataParse: cmd:keepAlive, mask:107
[20230613 15:13:25] [595505140] [MS] sendIpcAnswer: cmd[keepAlive], mask:107, ret:0
[20230613 15:14:15] [595555140] [MS] [work-5] socketRecvThreadFunc: recv package ok, data lens=39Bytes, time cost=50000ms
[20230613 15:14:15] [595555140] [MS] ipcDataParse: cmd:keepAlive, mask:108
[20230613 15:14:15] [595555140] [MS] sendIpcAnswer: cmd[keepAlive], mask:108, ret:0
[20230613 15:15:05] [595605156] [MS] [work-5] socketRecvThreadFunc: recv package ok, data lens=39Bytes, time cost=50016ms
[20230613 15:15:05] [595605156] [MS] ipcDataParse: cmd:keepAlive, mask:109
[20230613 15:15:05] [595605156] [MS] sendIpcAnswer: cmd[keepAlive], mask:109, ret:0
[20230613 15:15:55] [595655156] [MS] [work-5] socketRecvThreadFunc: recv package ok, data lens=39Bytes, time cost=50000ms
[20230613 15:15:55] [595655156] [MS] ipcDataParse: cmd:keepAlive, mask:110
[20230613 15:15:55] [595655156] [MS] sendIpcAnswer: cmd[keepAlive], mask:110, ret:0
[20230613 15:16:45] [595705156] [MS] [work-5] socketRecvThreadFunc: recv package ok, data lens=39Bytes, time cost=50000ms
[20230613 15:16:45] [595705156] [MS] ipcDataParse: cmd:keepAlive, mask:111
[20230613 15:16:45] [595705156] [MS] sendIpcAnswer: cmd[keepAlive], mask:111, ret:0
[20230613 15:17:35] [595755171] [MS] [work-5] socketRecvThreadFunc: recv package ok, data lens=39Bytes, time cost=50015ms
[20230613 15:17:35] [595755171] [MS] ipcDataParse: cmd:keepAlive, mask:112
[20230613 15:17:35] [595755171] [MS] sendIpcAnswer: cmd[keepAlive], mask:112, ret:0
[20230613 15:18:25] [595805171] [MS] [work-5] socketRecvThreadFunc: recv package ok, data lens=39Bytes, time cost=50000ms
[20230613 15:18:25] [595805171] [MS] ipcDataParse: cmd:keepAlive, mask:113
[20230613 15:18:25] [595805171] [MS] sendIpcAnswer: cmd[keepAlive], mask:113, ret:0
[20230613 15:19:15] [595855171] [MS] [work-5] socketRecvThreadFunc: recv package ok, data lens=39Bytes, time cost=50000ms
[20230613 15:19:15] [595855171] [MS] ipcDataParse: cmd:keepAlive, mask:114
[20230613 15:19:15] [595855171] [MS] sendIpcAnswer: cmd[keepAlive], mask:114, ret:0
[20230613 15:20:05] [595905187] [MS] [work-5] socketRecvThreadFunc: recv package ok, data lens=39Bytes, time cost=50016ms
[20230613 15:20:05] [595905187] [MS] ipcDataParse: cmd:keepAlive, mask:115
[20230613 15:20:05] [595905187] [MS] sendIpcAnswer: cmd[keepAlive], mask:115, ret:0
[20230613 15:20:55] [595955187] [MS] [work-5] socketRecvThreadFunc: recv package ok, data lens=39Bytes, time cost=50000ms
[20230613 15:20:55] [595955187] [MS] ipcDataParse: cmd:keepAlive, mask:116
[20230613 15:20:55] [595955187] [MS] sendIpcAnswer: cmd[keepAlive], mask:116, ret:0
[20230613 15:21:45] [596005187] [MS] [work-5] socketRecvThreadFunc: recv package ok, data lens=39Bytes, time cost=50000ms
[20230613 15:21:45] [596005187] [MS] ipcDataParse: cmd:keepAlive, mask:117
[20230613 15:21:45] [596005187] [MS] sendIpcAnswer: cmd[keepAlive], mask:117, ret:0
[20230613 15:22:35] [596055187] [MS] [work-5] socketRecvThreadFunc: recv package ok, data lens=39Bytes, time cost=50000ms
[20230613 15:22:35] [596055203] [MS] ipcDataParse: cmd:keepAlive, mask:118
[20230613 15:22:35] [596055203] [MS] sendIpcAnswer: cmd[keepAlive], mask:118, ret:0
[20230613 15:23:25] [596105203] [MS] [work-5] socketRecvThreadFunc: recv package ok, data lens=39Bytes, time cost=50000ms
[20230613 15:23:25] [596105203] [MS] ipcDataParse: cmd:keepAlive, mask:119
[20230613 15:23:25] [596105203] [MS] sendIpcAnswer: cmd[keepAlive], mask:119, ret:0
[20230613 15:24:15] [596155203] [MS] [work-5] socketRecvThreadFunc: recv package ok, data lens=39Bytes, time cost=50000ms
[20230613 15:24:15] [596155218] [MS] ipcDataParse: cmd:keepAlive, mask:120
[20230613 15:24:15] [596155218] [MS] sendIpcAnswer: cmd[keepAlive], mask:120, ret:0
[20230613 15:25:05] [596205234] [MS] [work-5] socketRecvThreadFunc: recv package ok, data lens=39Bytes, time cost=50016ms
[20230613 15:25:05] [596205234] [MS] ipcDataParse: cmd:keepAlive, mask:121
[20230613 15:25:05] [596205234] [MS] sendIpcAnswer: cmd[keepAlive], mask:121, ret:0
[20230613 15:25:55] [596255234] [MS] [work-5] socketRecvThreadFunc: recv package ok, data lens=39Bytes, time cost=50000ms
[20230613 15:25:55] [596255234] [MS] ipcDataParse: cmd:keepAlive, mask:122
[20230613 15:25:55] [596255234] [MS] sendIpcAnswer: cmd[keepAlive], mask:122, ret:0
[20230613 15:26:45] [596305250] [MS] [work-5] socketRecvThreadFunc: recv package ok, data lens=39Bytes, time cost=50016ms
[20230613 15:26:45] [596305250] [MS] ipcDataParse: cmd:keepAlive, mask:123
[20230613 15:26:45] [596305250] [MS] sendIpcAnswer: cmd[keepAlive], mask:123, ret:0
[20230613 15:27:35] [596355250] [MS] [work-5] socketRecvThreadFunc: recv package ok, data lens=39Bytes, time cost=50000ms
[20230613 15:27:35] [596355250] [MS] ipcDataParse: cmd:keepAlive, mask:124
[20230613 15:27:35] [596355250] [MS] sendIpcAnswer: cmd[keepAlive], mask:124, ret:0
[20230613 15:28:25] [596405265] [MS] [work-5] socketRecvThreadFunc: recv package ok, data lens=39Bytes, time cost=50015ms
[20230613 15:28:25] [596405265] [MS] ipcDataParse: cmd:keepAlive, mask:125
[20230613 15:28:25] [596405265] [MS] sendIpcAnswer: cmd[keepAlive], mask:125, ret:0
[20230613 15:29:15] [596455265] [MS] [work-5] socketRecvThreadFunc: recv package ok, data lens=39Bytes, time cost=50000ms
[20230613 15:29:15] [596455265] [MS] ipcDataParse: cmd:keepAlive, mask:126
[20230613 15:29:15] [596455265] [MS] sendIpcAnswer: cmd[keepAlive], mask:126, ret:0
[20230613 15:30:05] [596505265] [MS] [work-5] socketRecvThreadFunc: recv package ok, data lens=39Bytes, time cost=50000ms
[20230613 15:30:05] [596505265] [MS] ipcDataParse: cmd:keepAlive, mask:127
[20230613 15:30:05] [596505265] [MS] sendIpcAnswer: cmd[keepAlive], mask:127, ret:0
[20230613 15:30:55] [596555281] [MS] [work-5] socketRecvThreadFunc: recv package ok, data lens=39Bytes, time cost=50016ms
[20230613 15:30:55] [596555281] [MS] ipcDataParse: cmd:keepAlive, mask:128
[20230613 15:30:55] [596555281] [MS] sendIpcAnswer: cmd[keepAlive], mask:128, ret:0
[20230613 15:31:45] [596605296] [MS] [work-5] socketRecvThreadFunc: recv package ok, data lens=39Bytes, time cost=50015ms
[20230613 15:31:45] [596605296] [MS] ipcDataParse: cmd:keepAlive, mask:129
[20230613 15:31:45] [596605296] [MS] sendIpcAnswer: cmd[keepAlive], mask:129, ret:0
[20230613 15:32:35] [596655296] [MS] [work-5] socketRecvThreadFunc: recv package ok, data lens=39Bytes, time cost=50000ms
[20230613 15:32:35] [596655296] [MS] ipcDataParse: cmd:keepAlive, mask:130
[20230613 15:32:35] [596655296] [MS] sendIpcAnswer: cmd[keepAlive], mask:130, ret:0
[20230613 15:33:25] [596705312] [MS] [work-5] socketRecvThreadFunc: recv package ok, data lens=39Bytes, time cost=50016ms
[20230613 15:33:25] [596705375] [MS] ipcDataParse: cmd:keepAlive, mask:131
[20230613 15:33:25] [596705375] [MS] sendIpcAnswer: cmd[keepAlive], mask:131, ret:0
[20230613 15:34:15] [596755390] [MS] [work-5] socketRecvThreadFunc: recv package ok, data lens=39Bytes, time cost=50015ms
[20230613 15:34:15] [596755406] [MS] ipcDataParse: cmd:keepAlive, mask:132
[20230613 15:34:15] [596755406] [MS] sendIpcAnswer: cmd[keepAlive], mask:132, ret:0
[20230613 15:35:05] [596805406] [MS] [work-5] socketRecvThreadFunc: recv package ok, data lens=39Bytes, time cost=50000ms
[20230613 15:35:05] [596805406] [MS] ipcDataParse: cmd:keepAlive, mask:133
[20230613 15:35:05] [596805406] [MS] sendIpcAnswer: cmd[keepAlive], mask:133, ret:0
[20230613 15:35:55] [596855421] [MS] [work-5] socketRecvThreadFunc: recv package ok, data lens=39Bytes, time cost=50015ms
[20230613 15:35:55] [596855421] [MS] ipcDataParse: cmd:keepAlive, mask:134
[20230613 15:35:55] [596855421] [MS] sendIpcAnswer: cmd[keepAlive], mask:134, ret:0
[20230613 15:36:45] [596905437] [MS] [work-5] socketRecvThreadFunc: recv package ok, data lens=39Bytes, time cost=50016ms
[20230613 15:36:45] [596905437] [MS] ipcDataParse: cmd:keepAlive, mask:135
[20230613 15:36:45] [596905437] [MS] sendIpcAnswer: cmd[keepAlive], mask:135, ret:0
[20230613 15:37:35] [596955437] [MS] [work-5] socketRecvThreadFunc: recv package ok, data lens=39Bytes, time cost=50000ms
[20230613 15:37:35] [596955437] [MS] ipcDataParse: cmd:keepAlive, mask:136
[20230613 15:37:35] [596955437] [MS] sendIpcAnswer: cmd[keepAlive], mask:136, ret:0
[20230613 15:38:25] [597005453] [MS] [work-5] socketRecvThreadFunc: recv package ok, data lens=39Bytes, time cost=50016ms
[20230613 15:38:25] [597005453] [MS] ipcDataParse: cmd:keepAlive, mask:137
[20230613 15:38:25] [597005453] [MS] sendIpcAnswer: cmd[keepAlive], mask:137, ret:0
[20230613 15:39:15] [597055453] [MS] [work-5] socketRecvThreadFunc: recv package ok, data lens=39Bytes, time cost=50000ms
[20230613 15:39:15] [597055453] [MS] ipcDataParse: cmd:keepAlive, mask:138
[20230613 15:39:15] [597055453] [MS] sendIpcAnswer: cmd[keepAlive], mask:138, ret:0
[20230613 15:40:05] [597105453] [MS] [work-5] socketRecvThreadFunc: recv package ok, data lens=39Bytes, time cost=50000ms
[20230613 15:40:05] [597105468] [MS] ipcDataParse: cmd:keepAlive, mask:139
[20230613 15:40:05] [597105468] [MS] sendIpcAnswer: cmd[keepAlive], mask:139, ret:0
[20230613 15:40:55] [597155468] [MS] [work-5] socketRecvThreadFunc: recv package ok, data lens=39Bytes, time cost=50000ms
[20230613 15:40:55] [597155468] [MS] ipcDataParse: cmd:keepAlive, mask:140
[20230613 15:40:55] [597155468] [MS] sendIpcAnswer: cmd[keepAlive], mask:140, ret:0
[20230613 15:41:45] [597205468] [MS] [work-5] socketRecvThreadFunc: recv package ok, data lens=39Bytes, time cost=50000ms
[20230613 15:41:45] [597205468] [MS] ipcDataParse: cmd:keepAlive, mask:141
[20230613 15:41:45] [597205468] [MS] sendIpcAnswer: cmd[keepAlive], mask:141, ret:0
[20230613 15:42:35] [597255484] [MS] [work-5] socketRecvThreadFunc: recv package ok, data lens=39Bytes, time cost=50016ms
[20230613 15:42:35] [597255484] [MS] ipcDataParse: cmd:keepAlive, mask:142
[20230613 15:42:35] [597255484] [MS] sendIpcAnswer: cmd[keepAlive], mask:142, ret:0
[20230613 15:43:25] [597305484] [MS] [work-5] socketRecvThreadFunc: recv package ok, data lens=39Bytes, time cost=50000ms
[20230613 15:43:25] [597305484] [MS] ipcDataParse: cmd:keepAlive, mask:143
[20230613 15:43:25] [597305484] [MS] sendIpcAnswer: cmd[keepAlive], mask:143, ret:0
[20230613 15:44:15] [597355484] [MS] [work-5] socketRecvThreadFunc: recv package ok, data lens=39Bytes, time cost=50000ms
[20230613 15:44:15] [597355484] [MS] ipcDataParse: cmd:keepAlive, mask:144
[20230613 15:44:15] [597355484] [MS] sendIpcAnswer: cmd[keepAlive], mask:144, ret:0
[20230613 15:45:05] [597405484] [MS] [work-5] socketRecvThreadFunc: recv package ok, data lens=39Bytes, time cost=50000ms
[20230613 15:45:05] [597405484] [MS] ipcDataParse: cmd:keepAlive, mask:145
[20230613 15:45:05] [597405484] [MS] sendIpcAnswer: cmd[keepAlive], mask:145, ret:0
[20230613 15:45:55] [597455484] [MS] [work-5] socketRecvThreadFunc: recv package ok, data lens=39Bytes, time cost=50000ms
[20230613 15:45:55] [597455484] [MS] ipcDataParse: cmd:keepAlive, mask:146
[20230613 15:45:55] [597455484] [MS] sendIpcAnswer: cmd[keepAlive], mask:146, ret:0
[20230613 15:46:45] [597505500] [MS] [work-5] socketRecvThreadFunc: recv package ok, data lens=39Bytes, time cost=50016ms
[20230613 15:46:45] [597505500] [MS] ipcDataParse: cmd:keepAlive, mask:147
[20230613 15:46:45] [597505500] [MS] sendIpcAnswer: cmd[keepAlive], mask:147, ret:0
[20230613 15:47:35] [597555500] [MS] [work-5] socketRecvThreadFunc: recv package ok, data lens=39Bytes, time cost=50000ms
[20230613 15:47:35] [597555500] [MS] ipcDataParse: cmd:keepAlive, mask:148
[20230613 15:47:35] [597555500] [MS] sendIpcAnswer: cmd[keepAlive], mask:148, ret:0
[20230613 15:48:25] [597605500] [MS] [work-5] socketRecvThreadFunc: recv package ok, data lens=39Bytes, time cost=50000ms
[20230613 15:48:25] [597605500] [MS] ipcDataParse: cmd:keepAlive, mask:149
[20230613 15:48:25] [597605500] [MS] sendIpcAnswer: cmd[keepAlive], mask:149, ret:0
[20230613 15:49:15] [597655515] [MS] [work-5] socketRecvThreadFunc: recv package ok, data lens=39Bytes, time cost=50015ms
[20230613 15:49:15] [597655515] [MS] ipcDataParse: cmd:keepAlive, mask:150
[20230613 15:49:15] [597655515] [MS] sendIpcAnswer: cmd[keepAlive], mask:150, ret:0
[20230613 15:50:05] [597705515] [MS] [work-5] socketRecvThreadFunc: recv package ok, data lens=39Bytes, time cost=50000ms
[20230613 15:50:05] [597705515] [MS] ipcDataParse: cmd:keepAlive, mask:151
[20230613 15:50:05] [597705515] [MS] sendIpcAnswer: cmd[keepAlive], mask:151, ret:0
[20230613 15:50:55] [597755515] [MS] [work-5] socketRecvThreadFunc: recv package ok, data lens=39Bytes, time cost=50000ms
[20230613 15:50:55] [597755515] [MS] ipcDataParse: cmd:keepAlive, mask:152
[20230613 15:50:55] [597755515] [MS] sendIpcAnswer: cmd[keepAlive], mask:152, ret:0
[20230613 15:51:45] [597805531] [MS] [work-5] socketRecvThreadFunc: recv package ok, data lens=39Bytes, time cost=50016ms
[20230613 15:51:45] [597805531] [MS] ipcDataParse: cmd:keepAlive, mask:153
[20230613 15:51:45] [597805531] [MS] sendIpcAnswer: cmd[keepAlive], mask:153, ret:0
[20230613 15:52:35] [597855531] [MS] [work-5] socketRecvThreadFunc: recv package ok, data lens=39Bytes, time cost=50000ms
[20230613 15:52:35] [597855531] [MS] ipcDataParse: cmd:keepAlive, mask:154
[20230613 15:52:35] [597855531] [MS] sendIpcAnswer: cmd[keepAlive], mask:154, ret:0
[20230613 15:53:25] [597905546] [MS] [work-5] socketRecvThreadFunc: recv package ok, data lens=39Bytes, time cost=50015ms
[20230613 15:53:25] [597905546] [MS] ipcDataParse: cmd:keepAlive, mask:155
[20230613 15:53:25] [597905546] [MS] sendIpcAnswer: cmd[keepAlive], mask:155, ret:0
[20230613 15:54:15] [597955546] [MS] [work-5] socketRecvThreadFunc: recv package ok, data lens=39Bytes, time cost=50000ms
[20230613 15:54:15] [597955546] [MS] ipcDataParse: cmd:keepAlive, mask:156
[20230613 15:54:15] [597955546] [MS] sendIpcAnswer: cmd[keepAlive], mask:156, ret:0
[20230613 15:55:05] [598005546] [MS] [work-5] socketRecvThreadFunc: recv package ok, data lens=39Bytes, time cost=50000ms
[20230613 15:55:05] [598006078] [MS] ipcDataParse: cmd:keepAlive, mask:157
[20230613 15:55:05] [598006078] [MS] sendIpcAnswer: cmd[keepAlive], mask:157, ret:0
[20230613 15:55:55] [598056093] [MS] [work-5] socketRecvThreadFunc: recv package ok, data lens=39Bytes, time cost=50015ms
[20230613 15:55:55] [598056093] [MS] ipcDataParse: cmd:keepAlive, mask:158
[20230613 15:55:55] [598056093] [MS] sendIpcAnswer: cmd[keepAlive], mask:158, ret:0
[20230613 15:56:46] [598106109] [MS] [work-5] socketRecvThreadFunc: recv package ok, data lens=39Bytes, time cost=50016ms
[20230613 15:56:46] [598106109] [MS] ipcDataParse: cmd:keepAlive, mask:159
[20230613 15:56:46] [598106109] [MS] sendIpcAnswer: cmd[keepAlive], mask:159, ret:0
[20230613 15:57:36] [598156109] [MS] [work-5] socketRecvThreadFunc: recv package ok, data lens=39Bytes, time cost=50000ms
[20230613 15:57:36] [598156109] [MS] ipcDataParse: cmd:keepAlive, mask:160
[20230613 15:57:36] [598156109] [MS] sendIpcAnswer: cmd[keepAlive], mask:160, ret:0
[20230613 15:58:26] [598206109] [MS] [work-5] socketRecvThreadFunc: recv package ok, data lens=39Bytes, time cost=50000ms
[20230613 15:58:26] [598206109] [MS] ipcDataParse: cmd:keepAlive, mask:161
[20230613 15:58:26] [598206109] [MS] sendIpcAnswer: cmd[keepAlive], mask:161, ret:0
[20230613 15:59:16] [598256125] [MS] [work-5] socketRecvThreadFunc: recv package ok, data lens=39Bytes, time cost=50016ms
[20230613 15:59:16] [598256125] [MS] ipcDataParse: cmd:keepAlive, mask:162
[20230613 15:59:16] [598256125] [MS] sendIpcAnswer: cmd[keepAlive], mask:162, ret:0
[20230613 16:00:06] [598306125] [MS] [work-5] socketRecvThreadFunc: recv package ok, data lens=39Bytes, time cost=50000ms
[20230613 16:00:06] [598306125] [MS] ipcDataParse: cmd:keepAlive, mask:163
[20230613 16:00:06] [598306125] [MS] sendIpcAnswer: cmd[keepAlive], mask:163, ret:0
[20230613 16:00:56] [598356140] [MS] [work-5] socketRecvThreadFunc: recv package ok, data lens=39Bytes, time cost=50015ms
[20230613 16:00:56] [598356140] [MS] ipcDataParse: cmd:keepAlive, mask:164
[20230613 16:00:56] [598356140] [MS] sendIpcAnswer: cmd[keepAlive], mask:164, ret:0
[20230613 16:01:46] [598406140] [MS] [work-5] socketRecvThreadFunc: recv package ok, data lens=39Bytes, time cost=50000ms
[20230613 16:01:46] [598406140] [MS] ipcDataParse: cmd:keepAlive, mask:165
[20230613 16:01:46] [598406140] [MS] sendIpcAnswer: cmd[keepAlive], mask:165, ret:0
[20230613 16:02:36] [598456156] [MS] [work-5] socketRecvThreadFunc: recv package ok, data lens=39Bytes, time cost=50016ms
[20230613 16:02:36] [598456156] [MS] ipcDataParse: cmd:keepAlive, mask:166
[20230613 16:02:36] [598456156] [MS] sendIpcAnswer: cmd[keepAlive], mask:166, ret:0
[20230613 16:03:26] [598506156] [MS] [work-5] socketRecvThreadFunc: recv package ok, data lens=39Bytes, time cost=50000ms
[20230613 16:03:26] [598506156] [MS] ipcDataParse: cmd:keepAlive, mask:167
[20230613 16:03:26] [598506156] [MS] sendIpcAnswer: cmd[keepAlive], mask:167, ret:0
[20230613 16:04:16] [598556156] [MS] [work-5] socketRecvThreadFunc: recv package ok, data lens=39Bytes, time cost=50000ms
[20230613 16:04:16] [598556265] [MS] ipcDataParse: cmd:keepAlive, mask:168
[20230613 16:04:16] [598556265] [MS] sendIpcAnswer: cmd[keepAlive], mask:168, ret:0
[20230613 16:05:06] [598606281] [MS] [work-5] socketRecvThreadFunc: recv package ok, data lens=39Bytes, time cost=50016ms
[20230613 16:05:06] [598606281] [MS] ipcDataParse: cmd:keepAlive, mask:169
[20230613 16:05:06] [598606281] [MS] sendIpcAnswer: cmd[keepAlive], mask:169, ret:0
[20230613 16:05:56] [598656281] [MS] [work-5] socketRecvThreadFunc: recv package ok, data lens=39Bytes, time cost=50000ms
[20230613 16:05:56] [598656281] [MS] ipcDataParse: cmd:keepAlive, mask:170
[20230613 16:05:56] [598656281] [MS] sendIpcAnswer: cmd[keepAlive], mask:170, ret:0
[20230613 16:06:46] [598706281] [MS] [work-5] socketRecvThreadFunc: recv package ok, data lens=39Bytes, time cost=50000ms
[20230613 16:06:46] [598706281] [MS] ipcDataParse: cmd:keepAlive, mask:171
[20230613 16:06:46] [598706281] [MS] sendIpcAnswer: cmd[keepAlive], mask:171, ret:0
[20230613 16:07:36] [598756296] [MS] [work-5] socketRecvThreadFunc: recv package ok, data lens=39Bytes, time cost=50015ms
[20230613 16:07:36] [598756296] [MS] ipcDataParse: cmd:keepAlive, mask:172
[20230613 16:07:36] [598756296] [MS] sendIpcAnswer: cmd[keepAlive], mask:172, ret:0
[20230613 16:08:26] [598806296] [MS] [work-5] socketRecvThreadFunc: recv package ok, data lens=39Bytes, time cost=50000ms
[20230613 16:08:26] [598806296] [MS] ipcDataParse: cmd:keepAlive, mask:173
[20230613 16:08:26] [598806296] [MS] sendIpcAnswer: cmd[keepAlive], mask:173, ret:0
[20230613 16:09:16] [598856296] [MS] [work-5] socketRecvThreadFunc: recv package ok, data lens=39Bytes, time cost=50000ms
[20230613 16:09:16] [598856296] [MS] ipcDataParse: cmd:keepAlive, mask:174
[20230613 16:09:16] [598856296] [MS] sendIpcAnswer: cmd[keepAlive], mask:174, ret:0
[20230613 16:10:06] [598906296] [MS] [work-5] socketRecvThreadFunc: recv package ok, data lens=39Bytes, time cost=50000ms
[20230613 16:10:06] [598906296] [MS] ipcDataParse: cmd:keepAlive, mask:175
[20230613 16:10:06] [598906296] [MS] sendIpcAnswer: cmd[keepAlive], mask:175, ret:0
[20230613 16:10:56] [598956296] [MS] [work-5] socketRecvThreadFunc: recv package ok, data lens=39Bytes, time cost=50000ms
[20230613 16:10:56] [598956296] [MS] ipcDataParse: cmd:keepAlive, mask:176
[20230613 16:10:56] [598956312] [MS] sendIpcAnswer: cmd[keepAlive], mask:176, ret:0
[20230613 16:11:46] [599006312] [MS] [work-5] socketRecvThreadFunc: recv package ok, data lens=39Bytes, time cost=50016ms
[20230613 16:11:46] [599006312] [MS] ipcDataParse: cmd:keepAlive, mask:177
[20230613 16:11:46] [599006312] [MS] sendIpcAnswer: cmd[keepAlive], mask:177, ret:0
[20230613 16:12:36] [599056312] [MS] [work-5] socketRecvThreadFunc: recv package ok, data lens=39Bytes, time cost=50000ms
[20230613 16:12:36] [599056312] [MS] ipcDataParse: cmd:keepAlive, mask:178
[20230613 16:12:36] [599056312] [MS] sendIpcAnswer: cmd[keepAlive], mask:178, ret:0
[20230613 16:13:26] [599106312] [MS] [work-5] socketRecvThreadFunc: recv package ok, data lens=39Bytes, time cost=50000ms
[20230613 16:13:26] [599106312] [MS] ipcDataParse: cmd:keepAlive, mask:179
[20230613 16:13:26] [599106312] [MS] sendIpcAnswer: cmd[keepAlive], mask:179, ret:0
[20230613 16:14:16] [599156312] [MS] [work-5] socketRecvThreadFunc: recv package ok, data lens=39Bytes, time cost=50000ms
[20230613 16:14:16] [599156312] [MS] ipcDataParse: cmd:keepAlive, mask:180
[20230613 16:14:16] [599156312] [MS] sendIpcAnswer: cmd[keepAlive], mask:180, ret:0
[20230613 16:15:06] [599206312] [MS] [work-5] socketRecvThreadFunc: recv package ok, data lens=39Bytes, time cost=50000ms
[20230613 16:15:06] [599206312] [MS] ipcDataParse: cmd:keepAlive, mask:181
[20230613 16:15:06] [599206312] [MS] sendIpcAnswer: cmd[keepAlive], mask:181, ret:0
[20230613 16:15:56] [599256328] [MS] [work-5] socketRecvThreadFunc: recv package ok, data lens=39Bytes, time cost=50016ms
[20230613 16:15:56] [599256328] [MS] ipcDataParse: cmd:keepAlive, mask:182
[20230613 16:15:56] [599256328] [MS] sendIpcAnswer: cmd[keepAlive], mask:182, ret:0
[20230613 16:16:46] [599306328] [MS] [work-5] socketRecvThreadFunc: recv package ok, data lens=39Bytes, time cost=50000ms
[20230613 16:16:46] [599306328] [MS] ipcDataParse: cmd:keepAlive, mask:183
[20230613 16:16:46] [599306328] [MS] sendIpcAnswer: cmd[keepAlive], mask:183, ret:0
[20230613 16:17:36] [599356328] [MS] [work-5] socketRecvThreadFunc: recv package ok, data lens=39Bytes, time cost=50000ms
[20230613 16:17:36] [599356328] [MS] ipcDataParse: cmd:keepAlive, mask:184
[20230613 16:17:36] [599356328] [MS] sendIpcAnswer: cmd[keepAlive], mask:184, ret:0
[20230613 16:18:26] [599406328] [MS] [work-5] socketRecvThreadFunc: recv package ok, data lens=39Bytes, time cost=50000ms
[20230613 16:18:26] [599406328] [MS] ipcDataParse: cmd:keepAlive, mask:185
[20230613 16:18:26] [599406328] [MS] sendIpcAnswer: cmd[keepAlive], mask:185, ret:0
[20230613 16:19:16] [599456328] [MS] [work-5] socketRecvThreadFunc: recv package ok, data lens=39Bytes, time cost=50000ms
[20230613 16:19:16] [599456437] [MS] ipcDataParse: cmd:keepAlive, mask:186
[20230613 16:19:16] [599456437] [MS] sendIpcAnswer: cmd[keepAlive], mask:186, ret:0
[20230613 16:20:06] [599506453] [MS] [work-5] socketRecvThreadFunc: recv package ok, data lens=39Bytes, time cost=50016ms
[20230613 16:20:06] [599506453] [MS] ipcDataParse: cmd:keepAlive, mask:187
[20230613 16:20:06] [599506453] [MS] sendIpcAnswer: cmd[keepAlive], mask:187, ret:0
[20230613 16:20:56] [599556453] [MS] [work-5] socketRecvThreadFunc: recv package ok, data lens=39Bytes, time cost=50000ms
[20230613 16:20:56] [599556453] [MS] ipcDataParse: cmd:keepAlive, mask:188
[20230613 16:20:56] [599556453] [MS] sendIpcAnswer: cmd[keepAlive], mask:188, ret:0
[20230613 16:21:46] [599606468] [MS] [work-5] socketRecvThreadFunc: recv package ok, data lens=39Bytes, time cost=50015ms
[20230613 16:21:46] [599606468] [MS] ipcDataParse: cmd:keepAlive, mask:189
[20230613 16:21:46] [599606468] [MS] sendIpcAnswer: cmd[keepAlive], mask:189, ret:0
[20230613 16:22:36] [599656484] [MS] [work-5] socketRecvThreadFunc: recv package ok, data lens=39Bytes, time cost=50016ms
[20230613 16:22:36] [599656484] [MS] ipcDataParse: cmd:keepAlive, mask:190
[20230613 16:22:36] [599656484] [MS] sendIpcAnswer: cmd[keepAlive], mask:190, ret:0
[20230613 16:23:26] [599706484] [MS] [work-5] socketRecvThreadFunc: recv package ok, data lens=39Bytes, time cost=50000ms
[20230613 16:23:26] [599707015] [MS] ipcDataParse: cmd:keepAlive, mask:191
[20230613 16:23:26] [599707015] [MS] sendIpcAnswer: cmd[keepAlive], mask:191, ret:0
[20230613 16:24:16] [599757015] [MS] [work-5] socketRecvThreadFunc: recv package ok, data lens=39Bytes, time cost=50000ms
[20230613 16:24:16] [599757015] [MS] ipcDataParse: cmd:keepAlive, mask:192
[20230613 16:24:16] [599757015] [MS] sendIpcAnswer: cmd[keepAlive], mask:192, ret:0
[20230613 16:25:06] [599807031] [MS] [work-5] socketRecvThreadFunc: recv package ok, data lens=39Bytes, time cost=50016ms
[20230613 16:25:06] [599807031] [MS] ipcDataParse: cmd:keepAlive, mask:193
[20230613 16:25:06] [599807031] [MS] sendIpcAnswer: cmd[keepAlive], mask:193, ret:0
[20230613 16:25:56] [599857031] [MS] [work-5] socketRecvThreadFunc: recv package ok, data lens=39Bytes, time cost=50000ms
[20230613 16:25:56] [599857031] [MS] ipcDataParse: cmd:keepAlive, mask:194
[20230613 16:25:56] [599857031] [MS] sendIpcAnswer: cmd[keepAlive], mask:194, ret:0
[20230613 16:26:46] [599907031] [MS] [work-5] socketRecvThreadFunc: recv package ok, data lens=39Bytes, time cost=50000ms
[20230613 16:26:46] [599907031] [MS] ipcDataParse: cmd:keepAlive, mask:195
[20230613 16:26:46] [599907031] [MS] sendIpcAnswer: cmd[keepAlive], mask:195, ret:0
[20230613 16:27:36] [599957046] [MS] [work-5] socketRecvThreadFunc: recv package ok, data lens=39Bytes, time cost=50015ms
[20230613 16:27:36] [599957046] [MS] ipcDataParse: cmd:keepAlive, mask:196
[20230613 16:27:36] [599957046] [MS] sendIpcAnswer: cmd[keepAlive], mask:196, ret:0
[20230613 16:28:26] [600007046] [MS] [work-5] socketRecvThreadFunc: recv package ok, data lens=39Bytes, time cost=50000ms
[20230613 16:28:26] [600007046] [MS] ipcDataParse: cmd:keepAlive, mask:197
[20230613 16:28:26] [600007046] [MS] sendIpcAnswer: cmd[keepAlive], mask:197, ret:0
[20230613 16:29:16] [600057046] [MS] [work-5] socketRecvThreadFunc: recv package ok, data lens=39Bytes, time cost=50000ms
[20230613 16:29:16] [600057046] [MS] ipcDataParse: cmd:keepAlive, mask:198
[20230613 16:29:16] [600057046] [MS] sendIpcAnswer: cmd[keepAlive], mask:198, ret:0
[20230613 16:30:06] [600107046] [MS] [work-5] socketRecvThreadFunc: recv package ok, data lens=39Bytes, time cost=50000ms
[20230613 16:30:06] [600107046] [MS] ipcDataParse: cmd:keepAlive, mask:199
[20230613 16:30:06] [600107046] [MS] sendIpcAnswer: cmd[keepAlive], mask:199, ret:0
[20230613 16:30:56] [600157062] [MS] [work-5] socketRecvThreadFunc: recv package ok, data lens=39Bytes, time cost=50016ms
[20230613 16:30:56] [600157062] [MS] ipcDataParse: cmd:keepAlive, mask:200
[20230613 16:30:56] [600157062] [MS] sendIpcAnswer: cmd[keepAlive], mask:200, ret:0
[20230613 16:31:46] [600207062] [MS] [work-5] socketRecvThreadFunc: recv package ok, data lens=39Bytes, time cost=50000ms
[20230613 16:31:46] [600207062] [MS] ipcDataParse: cmd:keepAlive, mask:201
[20230613 16:31:46] [600207062] [MS] sendIpcAnswer: cmd[keepAlive], mask:201, ret:0
[20230613 16:32:36] [600257062] [MS] [work-5] socketRecvThreadFunc: recv package ok, data lens=39Bytes, time cost=50000ms
[20230613 16:32:36] [600257062] [MS] ipcDataParse: cmd:keepAlive, mask:202
[20230613 16:32:36] [600257062] [MS] sendIpcAnswer: cmd[keepAlive], mask:202, ret:0
[20230613 16:33:26] [600307078] [MS] [work-5] socketRecvThreadFunc: recv package ok, data lens=39Bytes, time cost=50016ms
[20230613 16:33:27] [600307312] [MS] ipcDataParse: cmd:keepAlive, mask:203
[20230613 16:33:27] [600307312] [MS] sendIpcAnswer: cmd[keepAlive], mask:203, ret:0
[20230613 16:34:17] [600357328] [MS] [work-5] socketRecvThreadFunc: recv package ok, data lens=39Bytes, time cost=50016ms
[20230613 16:34:17] [600357328] [MS] ipcDataParse: cmd:keepAlive, mask:204
[20230613 16:34:17] [600357328] [MS] sendIpcAnswer: cmd[keepAlive], mask:204, ret:0
[20230613 16:35:07] [600407328] [MS] [work-5] socketRecvThreadFunc: recv package ok, data lens=39Bytes, time cost=50000ms
[20230613 16:35:07] [600407328] [MS] ipcDataParse: cmd:keepAlive, mask:205
[20230613 16:35:07] [600407328] [MS] sendIpcAnswer: cmd[keepAlive], mask:205, ret:0
[20230613 16:35:57] [600457343] [MS] [work-5] socketRecvThreadFunc: recv package ok, data lens=39Bytes, time cost=50015ms
[20230613 16:35:57] [600457343] [MS] ipcDataParse: cmd:keepAlive, mask:206
[20230613 16:35:57] [600457343] [MS] sendIpcAnswer: cmd[keepAlive], mask:206, ret:0
[20230613 16:36:47] [600507343] [MS] [work-5] socketRecvThreadFunc: recv package ok, data lens=39Bytes, time cost=50000ms
[20230613 16:36:47] [600507343] [MS] ipcDataParse: cmd:keepAlive, mask:207
[20230613 16:36:47] [600507343] [MS] sendIpcAnswer: cmd[keepAlive], mask:207, ret:0
[20230613 16:37:37] [600557359] [MS] [work-5] socketRecvThreadFunc: recv package ok, data lens=39Bytes, time cost=50016ms
[20230613 16:37:37] [600557359] [MS] ipcDataParse: cmd:keepAlive, mask:208
[20230613 16:37:37] [600557359] [MS] sendIpcAnswer: cmd[keepAlive], mask:208, ret:0
[20230613 16:38:27] [600607359] [MS] [work-5] socketRecvThreadFunc: recv package ok, data lens=39Bytes, time cost=50000ms
[20230613 16:38:27] [600607359] [MS] ipcDataParse: cmd:keepAlive, mask:209
[20230613 16:38:27] [600607359] [MS] sendIpcAnswer: cmd[keepAlive], mask:209, ret:0
[20230613 16:39:17] [600657375] [MS] [work-5] socketRecvThreadFunc: recv package ok, data lens=39Bytes, time cost=50016ms
[20230613 16:39:17] [600657375] [MS] ipcDataParse: cmd:keepAlive, mask:210
[20230613 16:39:17] [600657375] [MS] sendIpcAnswer: cmd[keepAlive], mask:210, ret:0
[20230613 16:40:07] [600707375] [MS] [work-5] socketRecvThreadFunc: recv package ok, data lens=39Bytes, time cost=50000ms
[20230613 16:40:07] [600707375] [MS] ipcDataParse: cmd:keepAlive, mask:211
[20230613 16:40:07] [600707375] [MS] sendIpcAnswer: cmd[keepAlive], mask:211, ret:0
[20230613 16:40:57] [600757375] [MS] [work-5] socketRecvThreadFunc: recv package ok, data lens=39Bytes, time cost=50000ms
[20230613 16:40:57] [600757375] [MS] ipcDataParse: cmd:keepAlive, mask:212
[20230613 16:40:57] [600757390] [MS] sendIpcAnswer: cmd[keepAlive], mask:212, ret:0
[20230613 16:41:47] [600807390] [MS] [work-5] socketRecvThreadFunc: recv package ok, data lens=39Bytes, time cost=50015ms
[20230613 16:41:47] [600807390] [MS] ipcDataParse: cmd:keepAlive, mask:213
[20230613 16:41:47] [600807390] [MS] sendIpcAnswer: cmd[keepAlive], mask:213, ret:0
[20230613 16:42:37] [600857390] [MS] [work-5] socketRecvThreadFunc: recv package ok, data lens=39Bytes, time cost=50000ms
[20230613 16:42:37] [600857390] [MS] ipcDataParse: cmd:keepAlive, mask:214
[20230613 16:42:37] [600857390] [MS] sendIpcAnswer: cmd[keepAlive], mask:214, ret:0
[20230613 16:43:27] [600907390] [MS] [work-5] socketRecvThreadFunc: recv package ok, data lens=39Bytes, time cost=50000ms
[20230613 16:43:27] [600907390] [MS] ipcDataParse: cmd:keepAlive, mask:215
[20230613 16:43:27] [600907390] [MS] sendIpcAnswer: cmd[keepAlive], mask:215, ret:0
[20230613 16:44:17] [600957406] [MS] [work-5] socketRecvThreadFunc: recv package ok, data lens=39Bytes, time cost=50016ms
[20230613 16:44:17] [600957406] [MS] ipcDataParse: cmd:keepAlive, mask:216
[20230613 16:44:17] [600957406] [MS] sendIpcAnswer: cmd[keepAlive], mask:216, ret:0
[20230613 16:45:07] [601007406] [MS] [work-5] socketRecvThreadFunc: recv package ok, data lens=39Bytes, time cost=50000ms
[20230613 16:45:07] [601007406] [MS] ipcDataParse: cmd:keepAlive, mask:217
[20230613 16:45:07] [601007406] [MS] sendIpcAnswer: cmd[keepAlive], mask:217, ret:0
[20230613 16:45:57] [601057406] [MS] [work-5] socketRecvThreadFunc: recv package ok, data lens=39Bytes, time cost=50000ms
[20230613 16:45:57] [601057406] [MS] ipcDataParse: cmd:keepAlive, mask:218
[20230613 16:45:57] [601057406] [MS] sendIpcAnswer: cmd[keepAlive], mask:218, ret:0
[20230613 16:46:47] [601107421] [MS] [work-5] socketRecvThreadFunc: recv package ok, data lens=39Bytes, time cost=50015ms
[20230613 16:46:47] [601107421] [MS] ipcDataParse: cmd:keepAlive, mask:219
[20230613 16:46:47] [601107421] [MS] sendIpcAnswer: cmd[keepAlive], mask:219, ret:0
[20230613 16:47:37] [601157421] [MS] [work-5] socketRecvThreadFunc: recv package ok, data lens=39Bytes, time cost=50000ms
[20230613 16:47:37] [601157437] [MS] ipcDataParse: cmd:keepAlive, mask:220
[20230613 16:47:37] [601157437] [MS] sendIpcAnswer: cmd[keepAlive], mask:220, ret:0
[20230613 16:48:27] [601207437] [MS] [work-5] socketRecvThreadFunc: recv package ok, data lens=39Bytes, time cost=50016ms
[20230613 16:48:27] [601207437] [MS] ipcDataParse: cmd:keepAlive, mask:221
[20230613 16:48:27] [601207437] [MS] sendIpcAnswer: cmd[keepAlive], mask:221, ret:0
[20230613 16:49:17] [601257437] [MS] [work-5] socketRecvThreadFunc: recv package ok, data lens=39Bytes, time cost=50000ms
[20230613 16:49:17] [601257437] [MS] ipcDataParse: cmd:keepAlive, mask:222
[20230613 16:49:17] [601257437] [MS] sendIpcAnswer: cmd[keepAlive], mask:222, ret:0
[20230613 16:50:07] [601307453] [MS] [work-5] socketRecvThreadFunc: recv package ok, data lens=39Bytes, time cost=50016ms
[20230613 16:50:07] [601307453] [MS] ipcDataParse: cmd:keepAlive, mask:223
[20230613 16:50:07] [601307453] [MS] sendIpcAnswer: cmd[keepAlive], mask:223, ret:0
[20230613 16:50:57] [601357453] [MS] [work-5] socketRecvThreadFunc: recv package ok, data lens=39Bytes, time cost=50000ms
[20230613 16:50:57] [601357453] [MS] ipcDataParse: cmd:keepAlive, mask:224
[20230613 16:50:57] [601357453] [MS] sendIpcAnswer: cmd[keepAlive], mask:224, ret:0
[20230613 16:51:47] [601407453] [MS] [work-5] socketRecvThreadFunc: recv package ok, data lens=39Bytes, time cost=50000ms
[20230613 16:51:47] [601407453] [MS] ipcDataParse: cmd:keepAlive, mask:225
[20230613 16:51:47] [601407453] [MS] sendIpcAnswer: cmd[keepAlive], mask:225, ret:0
[20230613 16:52:37] [601457468] [MS] [work-5] socketRecvThreadFunc: recv package ok, data lens=39Bytes, time cost=50015ms
[20230613 16:52:37] [601457468] [MS] ipcDataParse: cmd:keepAlive, mask:226
[20230613 16:52:37] [601457468] [MS] sendIpcAnswer: cmd[keepAlive], mask:226, ret:0
[20230613 16:53:27] [601507468] [MS] [work-5] socketRecvThreadFunc: recv package ok, data lens=39Bytes, time cost=50000ms
[20230613 16:53:27] [601507468] [MS] ipcDataParse: cmd:keepAlive, mask:227
[20230613 16:53:27] [601507468] [MS] sendIpcAnswer: cmd[keepAlive], mask:227, ret:0
[20230613 16:54:17] [601557468] [MS] [work-5] socketRecvThreadFunc: recv package ok, data lens=39Bytes, time cost=50000ms
[20230613 16:54:17] [601557468] [MS] ipcDataParse: cmd:keepAlive, mask:228
[20230613 16:54:17] [601557468] [MS] sendIpcAnswer: cmd[keepAlive], mask:228, ret:0
[20230613 16:55:07] [601607484] [MS] [work-5] socketRecvThreadFunc: recv package ok, data lens=39Bytes, time cost=50016ms
[20230613 16:55:07] [601607484] [MS] ipcDataParse: cmd:keepAlive, mask:229
[20230613 16:55:07] [601607484] [MS] sendIpcAnswer: cmd[keepAlive], mask:229, ret:0
[20230613 16:55:57] [601657484] [MS] [work-5] socketRecvThreadFunc: recv package ok, data lens=39Bytes, time cost=50000ms
[20230613 16:55:57] [601657484] [MS] ipcDataParse: cmd:keepAlive, mask:230
[20230613 16:55:57] [601657484] [MS] sendIpcAnswer: cmd[keepAlive], mask:230, ret:0
[20230613 16:56:47] [601707500] [MS] [work-5] socketRecvThreadFunc: recv package ok, data lens=39Bytes, time cost=50016ms
[20230613 16:56:47] [601707500] [MS] ipcDataParse: cmd:keepAlive, mask:231
[20230613 16:56:47] [601707500] [MS] sendIpcAnswer: cmd[keepAlive], mask:231, ret:0
[20230613 16:57:37] [601757500] [MS] [work-5] socketRecvThreadFunc: recv package ok, data lens=39Bytes, time cost=50000ms
[20230613 16:57:37] [601757500] [MS] ipcDataParse: cmd:keepAlive, mask:232
[20230613 16:57:37] [601757500] [MS] sendIpcAnswer: cmd[keepAlive], mask:232, ret:0
[20230613 16:58:27] [601807500] [MS] [work-5] socketRecvThreadFunc: recv package ok, data lens=39Bytes, time cost=50000ms
[20230613 16:58:27] [601807500] [MS] ipcDataParse: cmd:keepAlive, mask:233
[20230613 16:58:27] [601807500] [MS] sendIpcAnswer: cmd[keepAlive], mask:233, ret:0
[20230613 16:59:17] [601857515] [MS] [work-5] socketRecvThreadFunc: recv package ok, data lens=39Bytes, time cost=50015ms
[20230613 16:59:17] [601857515] [MS] ipcDataParse: cmd:keepAlive, mask:234
[20230613 16:59:17] [601857515] [MS] sendIpcAnswer: cmd[keepAlive], mask:234, ret:0
[20230613 17:00:07] [601907515] [MS] [work-5] socketRecvThreadFunc: recv package ok, data lens=39Bytes, time cost=50000ms
[20230613 17:00:07] [601907515] [MS] ipcDataParse: cmd:keepAlive, mask:235
[20230613 17:00:07] [601907515] [MS] sendIpcAnswer: cmd[keepAlive], mask:235, ret:0
[20230613 17:00:57] [601957531] [MS] [work-5] socketRecvThreadFunc: recv package ok, data lens=39Bytes, time cost=50016ms
[20230613 17:00:57] [601957531] [MS] ipcDataParse: cmd:keepAlive, mask:236
[20230613 17:00:57] [601957531] [MS] sendIpcAnswer: cmd[keepAlive], mask:236, ret:0
[20230613 17:01:47] [602007531] [MS] [work-5] socketRecvThreadFunc: recv package ok, data lens=39Bytes, time cost=50000ms
[20230613 17:01:47] [602007531] [MS] ipcDataParse: cmd:keepAlive, mask:237
[20230613 17:01:47] [602007531] [MS] sendIpcAnswer: cmd[keepAlive], mask:237, ret:0
[20230613 17:02:37] [602057531] [MS] [work-5] socketRecvThreadFunc: recv package ok, data lens=39Bytes, time cost=50000ms
[20230613 17:02:37] [602057531] [MS] ipcDataParse: cmd:keepAlive, mask:238
[20230613 17:02:37] [602057531] [MS] sendIpcAnswer: cmd[keepAlive], mask:238, ret:0
[20230613 17:03:27] [602107531] [MS] [work-5] socketRecvThreadFunc: recv package ok, data lens=39Bytes, time cost=50000ms
[20230613 17:03:27] [602107531] [MS] ipcDataParse: cmd:keepAlive, mask:239
[20230613 17:03:27] [602107531] [MS] sendIpcAnswer: cmd[keepAlive], mask:239, ret:0
[20230613 17:04:17] [602157546] [MS] [work-5] socketRecvThreadFunc: recv package ok, data lens=39Bytes, time cost=50015ms
[20230613 17:04:17] [602157546] [MS] ipcDataParse: cmd:keepAlive, mask:240
[20230613 17:04:17] [602157546] [MS] sendIpcAnswer: cmd[keepAlive], mask:240, ret:0
[20230613 17:05:07] [602207546] [MS] [work-5] socketRecvThreadFunc: recv package ok, data lens=39Bytes, time cost=50000ms
[20230613 17:05:07] [602207546] [MS] ipcDataParse: cmd:keepAlive, mask:241
[20230613 17:05:07] [602207546] [MS] sendIpcAnswer: cmd[keepAlive], mask:241, ret:0
[20230613 17:05:57] [602257546] [MS] [work-5] socketRecvThreadFunc: recv package ok, data lens=39Bytes, time cost=50000ms
[20230613 17:05:57] [602257546] [MS] ipcDataParse: cmd:keepAlive, mask:242
[20230613 17:05:57] [602257546] [MS] sendIpcAnswer: cmd[keepAlive], mask:242, ret:0
[20230613 17:06:47] [602307562] [MS] [work-5] socketRecvThreadFunc: recv package ok, data lens=39Bytes, time cost=50016ms
[20230613 17:06:47] [602307562] [MS] ipcDataParse: cmd:keepAlive, mask:243
[20230613 17:06:47] [602307562] [MS] sendIpcAnswer: cmd[keepAlive], mask:243, ret:0
[20230613 17:07:37] [602357562] [MS] [work-5] socketRecvThreadFunc: recv package ok, data lens=39Bytes, time cost=50000ms
[20230613 17:07:37] [602357562] [MS] ipcDataParse: cmd:keepAlive, mask:244
[20230613 17:07:37] [602357562] [MS] sendIpcAnswer: cmd[keepAlive], mask:244, ret:0
[20230613 17:08:27] [602407562] [MS] [work-5] socketRecvThreadFunc: recv package ok, data lens=39Bytes, time cost=50000ms
[20230613 17:08:27] [602407562] [MS] ipcDataParse: cmd:keepAlive, mask:245
[20230613 17:08:27] [602407562] [MS] sendIpcAnswer: cmd[keepAlive], mask:245, ret:0
[20230613 17:09:17] [602457578] [MS] [work-5] socketRecvThreadFunc: recv package ok, data lens=39Bytes, time cost=50016ms
[20230613 17:09:17] [602457578] [MS] ipcDataParse: cmd:keepAlive, mask:246
[20230613 17:09:17] [602457578] [MS] sendIpcAnswer: cmd[keepAlive], mask:246, ret:0
[20230613 17:10:07] [602507578] [MS] [work-5] socketRecvThreadFunc: recv package ok, data lens=39Bytes, time cost=50000ms
[20230613 17:10:07] [602507578] [MS] ipcDataParse: cmd:keepAlive, mask:247
[20230613 17:10:07] [602507578] [MS] sendIpcAnswer: cmd[keepAlive], mask:247, ret:0
[20230613 17:10:57] [602557578] [MS] [work-5] socketRecvThreadFunc: recv package ok, data lens=39Bytes, time cost=50000ms
[20230613 17:10:57] [602557578] [MS] ipcDataParse: cmd:keepAlive, mask:248
[20230613 17:10:57] [602557593] [MS] sendIpcAnswer: cmd[keepAlive], mask:248, ret:0
[20230613 17:11:47] [602607593] [MS] [work-5] socketRecvThreadFunc: recv package ok, data lens=39Bytes, time cost=50015ms
[20230613 17:11:47] [602607593] [MS] ipcDataParse: cmd:keepAlive, mask:249
[20230613 17:11:47] [602607593] [MS] sendIpcAnswer: cmd[keepAlive], mask:249, ret:0
[20230613 17:12:37] [602657593] [MS] [work-5] socketRecvThreadFunc: recv package ok, data lens=39Bytes, time cost=50000ms
[20230613 17:12:37] [602657593] [MS] ipcDataParse: cmd:keepAlive, mask:250
[20230613 17:12:37] [602657593] [MS] sendIpcAnswer: cmd[keepAlive], mask:250, ret:0
[20230613 17:13:27] [602707593] [MS] [work-5] socketRecvThreadFunc: recv package ok, data lens=39Bytes, time cost=50000ms
[20230613 17:13:27] [602707609] [MS] ipcDataParse: cmd:keepAlive, mask:251
[20230613 17:13:27] [602707609] [MS] sendIpcAnswer: cmd[keepAlive], mask:251, ret:0
[20230613 17:14:17] [602757609] [MS] [work-5] socketRecvThreadFunc: recv package ok, data lens=39Bytes, time cost=50000ms
[20230613 17:14:17] [602757609] [MS] ipcDataParse: cmd:keepAlive, mask:252
[20230613 17:14:17] [602757609] [MS] sendIpcAnswer: cmd[keepAlive], mask:252, ret:0
[20230613 17:15:07] [602807609] [MS] [work-5] socketRecvThreadFunc: recv package ok, data lens=39Bytes, time cost=50000ms
[20230613 17:15:07] [602807609] [MS] ipcDataParse: cmd:keepAlive, mask:253
[20230613 17:15:07] [602807609] [MS] sendIpcAnswer: cmd[keepAlive], mask:253, ret:0
[20230613 17:15:57] [602857609] [MS] [work-5] socketRecvThreadFunc: recv package ok, data lens=39Bytes, time cost=50000ms
[20230613 17:15:57] [602857609] [MS] ipcDataParse: cmd:keepAlive, mask:254
[20230613 17:15:57] [602857609] [MS] sendIpcAnswer: cmd[keepAlive], mask:254, ret:0
[20230613 17:16:47] [602907625] [MS] [work-5] socketRecvThreadFunc: recv package ok, data lens=39Bytes, time cost=50016ms
[20230613 17:16:48] [602908312] [MS] ipcDataParse: cmd:keepAlive, mask:255
[20230613 17:16:48] [602908312] [MS] sendIpcAnswer: cmd[keepAlive], mask:255, ret:0
[20230613 17:17:38] [602958312] [MS] [work-5] socketRecvThreadFunc: recv package ok, data lens=39Bytes, time cost=50000ms
[20230613 17:17:38] [602958312] [MS] ipcDataParse: cmd:keepAlive, mask:256
[20230613 17:17:38] [602958312] [MS] sendIpcAnswer: cmd[keepAlive], mask:256, ret:0
[20230613 17:18:28] [603008328] [MS] [work-5] socketRecvThreadFunc: recv package ok, data lens=39Bytes, time cost=50016ms
[20230613 17:18:28] [603008328] [MS] ipcDataParse: cmd:keepAlive, mask:257
[20230613 17:18:28] [603008328] [MS] sendIpcAnswer: cmd[keepAlive], mask:257, ret:0
[20230613 17:19:18] [603058328] [MS] [work-5] socketRecvThreadFunc: recv package ok, data lens=39Bytes, time cost=50000ms
[20230613 17:19:18] [603058328] [MS] ipcDataParse: cmd:keepAlive, mask:258
[20230613 17:19:18] [603058328] [MS] sendIpcAnswer: cmd[keepAlive], mask:258, ret:0
[20230613 17:20:08] [603108343] [MS] [work-5] socketRecvThreadFunc: recv package ok, data lens=39Bytes, time cost=50015ms
[20230613 17:20:08] [603108343] [MS] ipcDataParse: cmd:keepAlive, mask:259
[20230613 17:20:08] [603108343] [MS] sendIpcAnswer: cmd[keepAlive], mask:259, ret:0
[20230613 17:20:58] [603158343] [MS] [work-5] socketRecvThreadFunc: recv package ok, data lens=39Bytes, time cost=50000ms
[20230613 17:20:58] [603158343] [MS] ipcDataParse: cmd:keepAlive, mask:260
[20230613 17:20:58] [603158343] [MS] sendIpcAnswer: cmd[keepAlive], mask:260, ret:0
[20230613 17:21:48] [603208359] [MS] [work-5] socketRecvThreadFunc: recv package ok, data lens=39Bytes, time cost=50016ms
[20230613 17:21:48] [603208359] [MS] ipcDataParse: cmd:keepAlive, mask:261
[20230613 17:21:48] [603208359] [MS] sendIpcAnswer: cmd[keepAlive], mask:261, ret:0
[20230613 17:22:38] [603258359] [MS] [work-5] socketRecvThreadFunc: recv package ok, data lens=39Bytes, time cost=50000ms
[20230613 17:22:38] [603258359] [MS] ipcDataParse: cmd:keepAlive, mask:262
[20230613 17:22:38] [603258359] [MS] sendIpcAnswer: cmd[keepAlive], mask:262, ret:0
[20230613 17:23:28] [603308359] [MS] [work-5] socketRecvThreadFunc: recv package ok, data lens=39Bytes, time cost=50000ms
[20230613 17:23:28] [603308359] [MS] ipcDataParse: cmd:keepAlive, mask:263
[20230613 17:23:28] [603308359] [MS] sendIpcAnswer: cmd[keepAlive], mask:263, ret:0
[20230613 17:24:18] [603358375] [MS] [work-5] socketRecvThreadFunc: recv package ok, data lens=39Bytes, time cost=50016ms
[20230613 17:24:18] [603358375] [MS] ipcDataParse: cmd:keepAlive, mask:264
[20230613 17:24:18] [603358375] [MS] sendIpcAnswer: cmd[keepAlive], mask:264, ret:0
[20230613 17:25:08] [603408375] [MS] [work-5] socketRecvThreadFunc: recv package ok, data lens=39Bytes, time cost=50000ms
[20230613 17:25:08] [603408375] [MS] ipcDataParse: cmd:keepAlive, mask:265
[20230613 17:25:08] [603408375] [MS] sendIpcAnswer: cmd[keepAlive], mask:265, ret:0
[20230613 17:25:58] [603458375] [MS] [work-5] socketRecvThreadFunc: recv package ok, data lens=39Bytes, time cost=50000ms
[20230613 17:25:58] [603458375] [MS] ipcDataParse: cmd:keepAlive, mask:266
[20230613 17:25:58] [603458375] [MS] sendIpcAnswer: cmd[keepAlive], mask:266, ret:0
[20230613 17:26:48] [603508375] [MS] [work-5] socketRecvThreadFunc: recv package ok, data lens=39Bytes, time cost=50000ms
[20230613 17:26:48] [603508375] [MS] ipcDataParse: cmd:keepAlive, mask:267
[20230613 17:26:48] [603508375] [MS] sendIpcAnswer: cmd[keepAlive], mask:267, ret:0
[20230613 17:27:38] [603558390] [MS] [work-5] socketRecvThreadFunc: recv package ok, data lens=39Bytes, time cost=50015ms
[20230613 17:27:38] [603558390] [MS] ipcDataParse: cmd:keepAlive, mask:268
[20230613 17:27:38] [603558390] [MS] sendIpcAnswer: cmd[keepAlive], mask:268, ret:0
[20230613 17:28:27] [603607375] [MS] [work-5] socketRecvThreadFunc: error: ret SOCKET_ERROR
[20230613 17:29:19] [603659281] [MS] keepAliveThreadFunc: exit2 error: keep alive timeout
[20230613 17:29:19] [603659281] [MS] moduleExit: start
[20230613 17:29:19] [603659281] [MS] localHwndThreadMessageFunc: exit normal: get WM_DESTROY msg
[20230613 17:29:19] [603659406] [MS] socketParsePackageThreadFunc: exit1 normal: getNeedStop = true
[20230613 17:29:19] [603659406] [MS] [work-5] socketSendThreadFunc: exit1 normal: getNeedStop = true
[20230613 17:29:19] [603659406] [MS] [work-5] socketRecvThreadFunc: exit1 normal: getNeedStop = true
[20230613 17:29:19] [603659406] [MS] msgPackageSendThreadFunc: exit1 normal: getNeedStop = true
[20230613 17:29:19] [603659421] [MS] moduleExit: end, time cost=125ms
[20230613 17:29:19] [603659421] [MS] socketInitThreadFunc: exit3 normal: getNeedStop = true
[20230613 17:29:19] [603659421] [MAIN] [main end, success=0, waitRet=0]


[20230613 17:29:19] [603659421] [MS] moduleExit: do nothing
[20230613 17:29:19] [603659421] [MS] ~cMultiDownloadServer destory
[20230613 17:29:19] [603659421] [GMD] downloadStop: end
[20230613 17:29:19] [603659421] [GMD] fr012DownloadThreadMessageFunc: exit normal: get WM_DESTROY msg
[20230613 17:29:19] [603659421] [SM] ~cSunmiDownload destory
[20230613 17:29:19] [603659437] [CH341A-CORE] ch341aCoreDeinit
[20230613 17:29:19] [603659437] [MH2T] waitforThreadExit: done, time cost=0ms
[20230613 17:29:19] [603659437] [MH2T] downloadStop end
[20230613 17:29:19] [603659437] [MH2T] mh1902tDownloadThreadMessageFunc: exit normal: get WM_DESTROY msg
[20230613 17:29:19] [603659437] [MH2T] waitforThreadExit: done, time cost=0ms
[20230613 17:29:19] [603659437] [MH2T] ~cMh1902tDownload destory
[20230613 17:29:19] [603659437] [CH341A-CORE] ch341aCoreDeinit
[20230613 17:29:19] [603659437] [GMD] ~cGeneralModel:destory
